2026-06-05 17:58:11,068 INFO Fetching FEMA layer metadata: https://hazards.fema.gov/arcgis/rest/services/public/NFHL/MapServer/28
2026-06-05 17:58:11,788 INFO FEMA metadata: name=Flood Hazard Zones geometryType=esriGeometryPolygon maxRecordCount=2000
2026-06-05 17:58:18,044 INFO FEMA feature count intersecting Cabarrus extent: 7712
2026-06-05 17:58:18,045 INFO Downloading FEMA features with pagination: pageSize=100 target=7712
2026-06-05 17:58:18,633 INFO Downloaded 100/7712 FEMA features
2026-06-05 17:58:19,049 INFO Downloaded 200/7712 FEMA features
2026-06-05 18:00:53,766 WARNING FEMA pagination failed; falling back to object ID download. Error: HTTPSConnectionPool(host='hazards.fema.gov', port=443): Max retries exceeded with url: /arcgis/rest/services/public/NFHL/MapServer/28/query?f=geojson&where=1%3D1&outFields=%2A&returnGeometry=true&outSR=4326&orderByFields=OBJECTID&resultOffset=200&resultRecordCount=100&geometry=%7B%22xmin%22%3A+-80.78714859986353%2C+%22ymin%22%3A+35.185001484384316%2C+%22xmax%22%3A+-80.29542844362561%2C+%22ymax%22%3A+35.55345527610693%2C+%22spatialReference%22%3A+%7B%22wkid%22%3A+4326%7D%7D&geometryType=esriGeometryEnvelope&inSR=4326&spatialRel=esriSpatialRelIntersects (Caused by ResponseError('too many 500 error responses'))
2026-06-05 18:01:00,069 INFO Fetched 7712 FEMA object IDs by Cabarrus extent
2026-06-05 18:01:00,540 INFO Downloaded 100/7712 FEMA features by object ID
2026-06-05 18:01:00,945 INFO Downloaded 200/7712 FEMA features by object ID
2026-06-05 18:03:36,633 WARNING FEMA object ID chunk of 100 failed; splitting into 50 and 50. Error: HTTPSConnectionPool(host='hazards.fema.gov', port=443): Max retries exceeded with url: /arcgis/rest/services/public/NFHL/MapServer/28/query?f=geojson&objectIds=14241954%2C14242038%2C14242041%2C14242042%2C14242043%2C14242048%2C14242091%2C14242104%2C14242112%2C14242113%2C14242121%2C14242122%2C14242123%2C14242124%2C14242132%2C14242137%2C14242143%2C14242144%2C14242154%2C14242199%2C14242202%2C14242203%2C14242210%2C14242211%2C14242217%2C14242227%2C14242237%2C14242249%2C14242252%2C14242258%2C14242263%2C14242264%2C14242265%2C14242273%2C14242274%2C14242275%2C14242276%2C14242277%2C14242280%2C14242281%2C14242282%2C14242283%2C14242284%2C14242285%2C14242286%2C14242287%2C14242289%2C14242305%2C14242306%2C14242307%2C14242308%2C14242309%2C14242310%2C14242311%2C14242312%2C14242313%2C14242314%2C14242315%2C14242316%2C14242326%2C14242344%2C14242349%2C14242350%2C14484231%2C14484259%2C14484279%2C14484280%2C14484283%2C14484297%2C14484298%2C14484305%2C14484316%2C14484317%2C14484320%2C14484321%2C14484322%2C14484344%2C14484347%2C14484348%2C14484349%2C14484350%2C14484351%2C14484352%2C14484412%2C14484469%2C14484477%2C14484480%2C14484481%2C14484509%2C14484510%2C17162600%2C17162602%2C17162603%2C17162604%2C17162605%2C17162606%2C17162607%2C17162608%2C17162609%2C17162621&outFields=%2A&returnGeometry=true&outSR=4326 (Caused by ResponseError('too many 500 error responses'))
2026-06-05 18:06:11,384 WARNING FEMA object ID chunk of 50 failed; splitting into 25 and 25. Error: HTTPSConnectionPool(host='hazards.fema.gov', port=443): Max retries exceeded with url: /arcgis/rest/services/public/NFHL/MapServer/28/query?f=geojson&objectIds=14242308%2C14242309%2C14242310%2C14242311%2C14242312%2C14242313%2C14242314%2C14242315%2C14242316%2C14242326%2C14242344%2C14242349%2C14242350%2C14484231%2C14484259%2C14484279%2C14484280%2C14484283%2C14484297%2C14484298%2C14484305%2C14484316%2C14484317%2C14484320%2C14484321%2C14484322%2C14484344%2C14484347%2C14484348%2C14484349%2C14484350%2C14484351%2C14484352%2C14484412%2C14484469%2C14484477%2C14484480%2C14484481%2C14484509%2C14484510%2C17162600%2C17162602%2C17162603%2C17162604%2C17162605%2C17162606%2C17162607%2C17162608%2C17162609%2C17162621&outFields=%2A&returnGeometry=true&outSR=4326 (Caused by ResponseError('too many 500 error responses'))
2026-06-05 18:08:43,702 WARNING FEMA object ID chunk of 25 failed; splitting into 12 and 13. Error: HTTPSConnectionPool(host='hazards.fema.gov', port=443): Max retries exceeded with url: /arcgis/rest/services/public/NFHL/MapServer/28/query?f=geojson&objectIds=14242308%2C14242309%2C14242310%2C14242311%2C14242312%2C14242313%2C14242314%2C14242315%2C14242316%2C14242326%2C14242344%2C14242349%2C14242350%2C14484231%2C14484259%2C14484279%2C14484280%2C14484283%2C14484297%2C14484298%2C14484305%2C14484316%2C14484317%2C14484320%2C14484321&outFields=%2A&returnGeometry=true&outSR=4326 (Caused by ResponseError('too many 500 error responses'))
2026-06-05 18:11:08,264 WARNING FEMA object ID chunk of 12 failed; splitting into 6 and 6. Error: HTTPSConnectionPool(host='hazards.fema.gov', port=443): Max retries exceeded with url: /arcgis/rest/services/public/NFHL/MapServer/28/query?f=geojson&objectIds=14242308%2C14242309%2C14242310%2C14242311%2C14242312%2C14242313%2C14242314%2C14242315%2C14242316%2C14242326%2C14242344%2C14242349&outFields=%2A&returnGeometry=true&outSR=4326 (Caused by ResponseError('too many 500 error responses'))
2026-06-05 18:13:34,445 WARNING FEMA object ID chunk of 6 failed; splitting into 3 and 3. Error: HTTPSConnectionPool(host='hazards.fema.gov', port=443): Max retries exceeded with url: /arcgis/rest/services/public/NFHL/MapServer/28/query?f=geojson&objectIds=14242314%2C14242315%2C14242316%2C14242326%2C14242344%2C14242349&outFields=%2A&returnGeometry=true&outSR=4326 (Caused by ResponseError('too many 500 error responses'))
2026-06-05 18:16:01,273 WARNING FEMA object ID chunk of 3 failed; splitting into 1 and 2. Error: HTTPSConnectionPool(host='hazards.fema.gov', port=443): Max retries exceeded with url: /arcgis/rest/services/public/NFHL/MapServer/28/query?f=geojson&objectIds=14242326%2C14242344%2C14242349&outFields=%2A&returnGeometry=true&outSR=4326 (Caused by ResponseError('too many 500 error responses'))
2026-06-05 18:16:11,107 INFO Downloaded 300/7712 FEMA features by object ID
2026-06-05 18:16:12,344 INFO Downloaded 400/7712 FEMA features by object ID
2026-06-05 18:16:12,554 INFO Downloaded 500/7712 FEMA features by object ID
2026-06-05 18:16:12,807 INFO Downloaded 600/7712 FEMA features by object ID
2026-06-05 18:16:13,001 INFO Downloaded 700/7712 FEMA features by object ID
2026-06-05 18:16:13,356 INFO Downloaded 800/7712 FEMA features by object ID
2026-06-05 18:16:13,586 INFO Downloaded 900/7712 FEMA features by object ID
2026-06-05 18:16:13,796 INFO Downloaded 1000/7712 FEMA features by object ID
2026-06-05 18:16:14,165 INFO Downloaded 1100/7712 FEMA features by object ID
2026-06-05 18:16:14,350 INFO Downloaded 1200/7712 FEMA features by object ID
2026-06-05 18:16:14,525 INFO Downloaded 1300/7712 FEMA features by object ID
2026-06-05 18:16:14,723 INFO Downloaded 1400/7712 FEMA features by object ID
2026-06-05 18:16:15,066 INFO Downloaded 1500/7712 FEMA features by object ID
2026-06-05 18:16:15,494 INFO Downloaded 1600/7712 FEMA features by object ID
2026-06-05 18:16:15,629 INFO Downloaded 1700/7712 FEMA features by object ID
2026-06-05 18:16:15,935 INFO Downloaded 1800/7712 FEMA features by object ID
2026-06-05 18:16:16,259 INFO Downloaded 1900/7712 FEMA features by object ID
2026-06-05 18:16:16,439 INFO Downloaded 2000/7712 FEMA features by object ID
2026-06-05 18:16:16,776 INFO Downloaded 2100/7712 FEMA features by object ID
2026-06-05 18:16:16,918 INFO Downloaded 2200/7712 FEMA features by object ID
2026-06-05 18:16:17,066 INFO Downloaded 2300/7712 FEMA features by object ID
2026-06-05 18:16:17,302 INFO Downloaded 2400/7712 FEMA features by object ID
2026-06-05 18:16:17,480 INFO Downloaded 2500/7712 FEMA features by object ID
2026-06-05 18:16:17,649 INFO Downloaded 2600/7712 FEMA features by object ID
2026-06-05 18:16:17,921 INFO Downloaded 2700/7712 FEMA features by object ID
2026-06-05 18:16:18,086 INFO Downloaded 2800/7712 FEMA features by object ID
2026-06-05 18:16:18,231 INFO Downloaded 2900/7712 FEMA features by object ID
2026-06-05 18:16:18,351 INFO Downloaded 3000/7712 FEMA features by object ID
2026-06-05 18:16:18,475 INFO Downloaded 3100/7712 FEMA features by object ID
2026-06-05 18:16:18,631 INFO Downloaded 3200/7712 FEMA features by object ID
2026-06-05 18:16:18,799 INFO Downloaded 3300/7712 FEMA features by object ID
2026-06-05 18:16:18,921 INFO Downloaded 3400/7712 FEMA features by object ID
2026-06-05 18:16:19,077 INFO Downloaded 3500/7712 FEMA features by object ID
2026-06-05 18:16:19,202 INFO Downloaded 3600/7712 FEMA features by object ID
2026-06-05 18:16:19,371 INFO Downloaded 3700/7712 FEMA features by object ID
2026-06-05 18:16:19,518 INFO Downloaded 3800/7712 FEMA features by object ID
2026-06-05 18:16:19,696 INFO Downloaded 3900/7712 FEMA features by object ID
2026-06-05 18:16:19,866 INFO Downloaded 4000/7712 FEMA features by object ID
2026-06-05 18:16:20,015 INFO Downloaded 4100/7712 FEMA features by object ID
2026-06-05 18:16:20,123 INFO Downloaded 4200/7712 FEMA features by object ID
2026-06-05 18:16:20,227 INFO Downloaded 4300/7712 FEMA features by object ID
2026-06-05 18:16:20,350 INFO Downloaded 4400/7712 FEMA features by object ID
2026-06-05 18:16:20,470 INFO Downloaded 4500/7712 FEMA features by object ID
2026-06-05 18:16:20,595 INFO Downloaded 4600/7712 FEMA features by object ID
2026-06-05 18:16:20,713 INFO Downloaded 4700/7712 FEMA features by object ID
2026-06-05 18:16:20,876 INFO Downloaded 4800/7712 FEMA features by object ID
2026-06-05 18:16:21,012 INFO Downloaded 4900/7712 FEMA features by object ID
2026-06-05 18:16:21,154 INFO Downloaded 5000/7712 FEMA features by object ID
2026-06-05 18:16:21,299 INFO Downloaded 5100/7712 FEMA features by object ID
2026-06-05 18:16:21,470 INFO Downloaded 5200/7712 FEMA features by object ID
2026-06-05 18:16:21,627 INFO Downloaded 5300/7712 FEMA features by object ID
2026-06-05 18:16:21,743 INFO Downloaded 5400/7712 FEMA features by object ID
2026-06-05 18:16:21,886 INFO Downloaded 5500/7712 FEMA features by object ID
2026-06-05 18:16:22,044 INFO Downloaded 5600/7712 FEMA features by object ID
2026-06-05 18:16:22,260 INFO Downloaded 5700/7712 FEMA features by object ID
2026-06-05 18:18:52,627 WARNING FEMA object ID chunk of 100 failed; splitting into 50 and 50. Error: HTTPSConnectionPool(host='hazards.fema.gov', port=443): Max retries exceeded with url: /arcgis/rest/services/public/NFHL/MapServer/28/query?f=geojson&objectIds=17196620%2C17196621%2C17196622%2C17196623%2C17196624%2C17196625%2C17196626%2C17196627%2C17196628%2C17196666%2C17196750%2C17196751%2C17196752%2C17196753%2C17196754%2C17196755%2C17196756%2C17196757%2C17196758%2C17196759%2C17196760%2C17196761%2C17197020%2C17197193%2C18496541%2C18496586%2C18496591%2C18496614%2C18496629%2C18496660%2C18496720%2C18496722%2C18496733%2C18496740%2C18496798%2C18496861%2C18496862%2C18496863%2C18496864%2C18496879%2C18496898%2C18496899%2C18496923%2C18496924%2C18496925%2C18496938%2C18496939%2C18496953%2C18497002%2C18497003%2C18497018%2C18497019%2C18497026%2C18497050%2C18497051%2C18497062%2C18497065%2C18497066%2C18497069%2C18497081%2C18497082%2C18497116%2C18497122%2C18497123%2C18497124%2C18497185%2C18497195%2C18497204%2C18497313%2C18497332%2C18497369%2C18497424%2C18497425%2C18497446%2C18497485%2C18497486%2C18497559%2C18497560%2C18497635%2C18497723%2C18497724%2C18497725%2C18497726%2C18497727%2C18497745%2C18497746%2C18497748%2C18497752%2C18497760%2C18497761%2C18497762%2C18497765%2C18497921%2C18497922%2C18498098%2C18498128%2C18498226%2C18498481%2C18498482%2C18498658&outFields=%2A&returnGeometry=true&outSR=4326 (Caused by ResponseError('too many 500 error responses'))
2026-06-05 18:18:58,677 INFO Downloaded 5800/7712 FEMA features by object ID
