2026-06-05 18:20:42,165 INFO Fetching FEMA layer metadata: https://hazards.fema.gov/arcgis/rest/services/public/NFHL/MapServer/28
2026-06-05 18:20:42,784 INFO FEMA metadata: name=Flood Hazard Zones geometryType=esriGeometryPolygon maxRecordCount=2000
2026-06-05 18:20:48,860 INFO FEMA feature count intersecting Cabarrus extent: 7712
2026-06-05 18:20:48,861 INFO Downloading FEMA features with pagination: pageSize=100 target=7712
2026-06-05 18:20:49,377 INFO Downloaded 100/7712 FEMA features
2026-06-05 18:20:49,739 INFO Downloaded 200/7712 FEMA features
2026-06-05 18:21:18,437 WARNING FEMA pagination failed; falling back to object ID download. Error: HTTPSConnectionPool(host='hazards.fema.gov', port=443): Max retries exceeded with url: /arcgis/rest/services/public/NFHL/MapServer/28/query?f=geojson&where=1%3D1&outFields=%2A&returnGeometry=true&outSR=4326&orderByFields=OBJECTID&resultOffset=200&resultRecordCount=100&geometry=%7B%22xmin%22%3A+-80.78714859986353%2C+%22ymin%22%3A+35.185001484384316%2C+%22xmax%22%3A+-80.29542844362561%2C+%22ymax%22%3A+35.55345527610693%2C+%22spatialReference%22%3A+%7B%22wkid%22%3A+4326%7D%7D&geometryType=esriGeometryEnvelope&inSR=4326&spatialRel=esriSpatialRelIntersects (Caused by ResponseError('too many 500 error responses'))
2026-06-05 18:21:24,825 INFO Fetched 7712 FEMA object IDs by Cabarrus extent
2026-06-05 18:21:25,016 INFO Downloaded 25/7712 FEMA features by object ID
2026-06-05 18:21:25,126 INFO Downloaded 50/7712 FEMA features by object ID
2026-06-05 18:21:25,314 INFO Downloaded 75/7712 FEMA features by object ID
2026-06-05 18:21:25,539 INFO Downloaded 100/7712 FEMA features by object ID
2026-06-05 18:21:25,694 INFO Downloaded 125/7712 FEMA features by object ID
2026-06-05 18:21:25,868 INFO Downloaded 150/7712 FEMA features by object ID
2026-06-05 18:21:25,956 INFO Downloaded 175/7712 FEMA features by object ID
2026-06-05 18:21:26,106 INFO Downloaded 200/7712 FEMA features by object ID
2026-06-05 18:21:26,265 INFO Downloaded 225/7712 FEMA features by object ID
2026-06-05 18:21:26,419 INFO Downloaded 250/7712 FEMA features by object ID
2026-06-05 18:21:51,464 WARNING FEMA object ID chunk of 25 failed; splitting into 12 and 13. Error: HTTPSConnectionPool(host='hazards.fema.gov', port=443): Max retries exceeded with url: /arcgis/rest/services/public/NFHL/MapServer/28/query?f=geojson&objectIds=14242308%2C14242309%2C14242310%2C14242311%2C14242312%2C14242313%2C14242314%2C14242315%2C14242316%2C14242326%2C14242344%2C14242349%2C14242350%2C14484231%2C14484259%2C14484279%2C14484280%2C14484283%2C14484297%2C14484298%2C14484305%2C14484316%2C14484317%2C14484320%2C14484321&outFields=%2A&returnGeometry=true&outSR=4326 (Caused by ResponseError('too many 500 error responses'))
2026-06-05 18:22:15,118 WARNING FEMA object ID chunk of 12 failed; splitting into 6 and 6. Error: HTTPSConnectionPool(host='hazards.fema.gov', port=443): Max retries exceeded with url: /arcgis/rest/services/public/NFHL/MapServer/28/query?f=geojson&objectIds=14242308%2C14242309%2C14242310%2C14242311%2C14242312%2C14242313%2C14242314%2C14242315%2C14242316%2C14242326%2C14242344%2C14242349&outFields=%2A&returnGeometry=true&outSR=4326 (Caused by ResponseError('too many 500 error responses'))
2026-06-05 18:22:38,706 WARNING FEMA object ID chunk of 6 failed; splitting into 3 and 3. Error: HTTPSConnectionPool(host='hazards.fema.gov', port=443): Max retries exceeded with url: /arcgis/rest/services/public/NFHL/MapServer/28/query?f=geojson&objectIds=14242314%2C14242315%2C14242316%2C14242326%2C14242344%2C14242349&outFields=%2A&returnGeometry=true&outSR=4326 (Caused by ResponseError('too many 500 error responses'))
2026-06-05 18:23:00,956 WARNING FEMA object ID chunk of 3 failed; splitting into 1 and 2. Error: HTTPSConnectionPool(host='hazards.fema.gov', port=443): Max retries exceeded with url: /arcgis/rest/services/public/NFHL/MapServer/28/query?f=geojson&objectIds=14242326%2C14242344%2C14242349&outFields=%2A&returnGeometry=true&outSR=4326 (Caused by ResponseError('too many 500 error responses'))
2026-06-05 18:23:08,923 INFO Downloaded 275/7712 FEMA features by object ID
2026-06-05 18:23:10,537 INFO Downloaded 300/7712 FEMA features by object ID
2026-06-05 18:23:11,559 INFO Downloaded 325/7712 FEMA features by object ID
2026-06-05 18:23:11,895 INFO Downloaded 350/7712 FEMA features by object ID
2026-06-05 18:23:11,966 INFO Downloaded 375/7712 FEMA features by object ID
2026-06-05 18:23:12,061 INFO Downloaded 400/7712 FEMA features by object ID
2026-06-05 18:23:12,151 INFO Downloaded 425/7712 FEMA features by object ID
2026-06-05 18:23:12,396 INFO Downloaded 450/7712 FEMA features by object ID
2026-06-05 18:23:12,671 INFO Downloaded 475/7712 FEMA features by object ID
2026-06-05 18:23:12,752 INFO Downloaded 500/7712 FEMA features by object ID
2026-06-05 18:23:12,824 INFO Downloaded 525/7712 FEMA features by object ID
2026-06-05 18:23:12,905 INFO Downloaded 550/7712 FEMA features by object ID
2026-06-05 18:23:13,078 INFO Downloaded 575/7712 FEMA features by object ID
2026-06-05 18:23:13,194 INFO Downloaded 600/7712 FEMA features by object ID
2026-06-05 18:23:13,315 INFO Downloaded 625/7712 FEMA features by object ID
2026-06-05 18:23:13,405 INFO Downloaded 650/7712 FEMA features by object ID
2026-06-05 18:23:13,511 INFO Downloaded 675/7712 FEMA features by object ID
2026-06-05 18:23:13,600 INFO Downloaded 700/7712 FEMA features by object ID
2026-06-05 18:23:13,695 INFO Downloaded 725/7712 FEMA features by object ID
2026-06-05 18:23:13,799 INFO Downloaded 750/7712 FEMA features by object ID
2026-06-05 18:23:13,956 INFO Downloaded 775/7712 FEMA features by object ID
2026-06-05 18:23:14,065 INFO Downloaded 800/7712 FEMA features by object ID
2026-06-05 18:23:14,143 INFO Downloaded 825/7712 FEMA features by object ID
2026-06-05 18:23:14,283 INFO Downloaded 850/7712 FEMA features by object ID
2026-06-05 18:23:14,362 INFO Downloaded 875/7712 FEMA features by object ID
2026-06-05 18:23:14,439 INFO Downloaded 900/7712 FEMA features by object ID
2026-06-05 18:23:14,548 INFO Downloaded 925/7712 FEMA features by object ID
2026-06-05 18:23:14,644 INFO Downloaded 950/7712 FEMA features by object ID
2026-06-05 18:23:14,723 INFO Downloaded 975/7712 FEMA features by object ID
2026-06-05 18:23:14,799 INFO Downloaded 1000/7712 FEMA features by object ID
2026-06-05 18:23:14,936 INFO Downloaded 1025/7712 FEMA features by object ID
2026-06-05 18:23:15,079 INFO Downloaded 1050/7712 FEMA features by object ID
2026-06-05 18:23:15,177 INFO Downloaded 1075/7712 FEMA features by object ID
2026-06-05 18:23:15,356 INFO Downloaded 1100/7712 FEMA features by object ID
2026-06-05 18:23:15,433 INFO Downloaded 1125/7712 FEMA features by object ID
2026-06-05 18:23:15,561 INFO Downloaded 1150/7712 FEMA features by object ID
2026-06-05 18:23:15,639 INFO Downloaded 1175/7712 FEMA features by object ID
2026-06-05 18:23:15,736 INFO Downloaded 1200/7712 FEMA features by object ID
2026-06-05 18:23:15,860 INFO Downloaded 1225/7712 FEMA features by object ID
2026-06-05 18:23:15,932 INFO Downloaded 1250/7712 FEMA features by object ID
2026-06-05 18:23:16,008 INFO Downloaded 1275/7712 FEMA features by object ID
2026-06-05 18:23:16,112 INFO Downloaded 1300/7712 FEMA features by object ID
2026-06-05 18:23:16,189 INFO Downloaded 1325/7712 FEMA features by object ID
2026-06-05 18:23:16,267 INFO Downloaded 1350/7712 FEMA features by object ID
2026-06-05 18:23:16,391 INFO Downloaded 1375/7712 FEMA features by object ID
2026-06-05 18:23:16,564 INFO Downloaded 1400/7712 FEMA features by object ID
2026-06-05 18:23:16,701 INFO Downloaded 1425/7712 FEMA features by object ID
2026-06-05 18:23:16,842 INFO Downloaded 1450/7712 FEMA features by object ID
2026-06-05 18:23:17,037 INFO Downloaded 1475/7712 FEMA features by object ID
2026-06-05 18:23:17,134 INFO Downloaded 1500/7712 FEMA features by object ID
2026-06-05 18:23:17,229 INFO Downloaded 1525/7712 FEMA features by object ID
2026-06-05 18:23:17,315 INFO Downloaded 1550/7712 FEMA features by object ID
2026-06-05 18:23:17,399 INFO Downloaded 1575/7712 FEMA features by object ID
2026-06-05 18:23:17,517 INFO Downloaded 1600/7712 FEMA features by object ID
2026-06-05 18:23:17,611 INFO Downloaded 1625/7712 FEMA features by object ID
2026-06-05 18:23:17,716 INFO Downloaded 1650/7712 FEMA features by object ID
2026-06-05 18:23:17,784 INFO Downloaded 1675/7712 FEMA features by object ID
2026-06-05 18:23:17,869 INFO Downloaded 1700/7712 FEMA features by object ID
2026-06-05 18:23:17,943 INFO Downloaded 1725/7712 FEMA features by object ID
2026-06-05 18:23:18,059 INFO Downloaded 1750/7712 FEMA features by object ID
2026-06-05 18:23:18,256 INFO Downloaded 1775/7712 FEMA features by object ID
2026-06-05 18:23:18,401 INFO Downloaded 1800/7712 FEMA features by object ID
2026-06-05 18:23:18,502 INFO Downloaded 1825/7712 FEMA features by object ID
2026-06-05 18:23:18,586 INFO Downloaded 1850/7712 FEMA features by object ID
2026-06-05 18:23:18,679 INFO Downloaded 1875/7712 FEMA features by object ID
2026-06-05 18:23:18,869 INFO Downloaded 1900/7712 FEMA features by object ID
2026-06-05 18:23:18,934 INFO Downloaded 1925/7712 FEMA features by object ID
2026-06-05 18:23:19,008 INFO Downloaded 1950/7712 FEMA features by object ID
2026-06-05 18:23:19,133 INFO Downloaded 1975/7712 FEMA features by object ID
2026-06-05 18:23:19,244 INFO Downloaded 2000/7712 FEMA features by object ID
2026-06-05 18:23:19,415 INFO Downloaded 2025/7712 FEMA features by object ID
2026-06-05 18:23:19,538 INFO Downloaded 2050/7712 FEMA features by object ID
2026-06-05 18:23:19,701 INFO Downloaded 2075/7712 FEMA features by object ID
2026-06-05 18:23:19,813 INFO Downloaded 2100/7712 FEMA features by object ID
2026-06-05 18:23:19,879 INFO Downloaded 2125/7712 FEMA features by object ID
2026-06-05 18:23:19,975 INFO Downloaded 2150/7712 FEMA features by object ID
2026-06-05 18:23:20,102 INFO Downloaded 2175/7712 FEMA features by object ID
2026-06-05 18:23:20,186 INFO Downloaded 2200/7712 FEMA features by object ID
2026-06-05 18:23:20,286 INFO Downloaded 2225/7712 FEMA features by object ID
2026-06-05 18:23:20,358 INFO Downloaded 2250/7712 FEMA features by object ID
2026-06-05 18:23:20,483 INFO Downloaded 2275/7712 FEMA features by object ID
2026-06-05 18:23:20,591 INFO Downloaded 2300/7712 FEMA features by object ID
2026-06-05 18:23:20,672 INFO Downloaded 2325/7712 FEMA features by object ID
2026-06-05 18:23:20,750 INFO Downloaded 2350/7712 FEMA features by object ID
2026-06-05 18:23:20,889 INFO Downloaded 2375/7712 FEMA features by object ID
2026-06-05 18:23:21,000 INFO Downloaded 2400/7712 FEMA features by object ID
2026-06-05 18:23:21,077 INFO Downloaded 2425/7712 FEMA features by object ID
2026-06-05 18:23:21,153 INFO Downloaded 2450/7712 FEMA features by object ID
2026-06-05 18:23:21,290 INFO Downloaded 2475/7712 FEMA features by object ID
2026-06-05 18:23:21,367 INFO Downloaded 2500/7712 FEMA features by object ID
2026-06-05 18:23:21,441 INFO Downloaded 2525/7712 FEMA features by object ID
2026-06-05 18:23:21,533 INFO Downloaded 2550/7712 FEMA features by object ID
2026-06-05 18:23:21,619 INFO Downloaded 2575/7712 FEMA features by object ID
2026-06-05 18:23:21,711 INFO Downloaded 2600/7712 FEMA features by object ID
2026-06-05 18:23:21,814 INFO Downloaded 2625/7712 FEMA features by object ID
2026-06-05 18:23:21,901 INFO Downloaded 2650/7712 FEMA features by object ID
2026-06-05 18:23:21,997 INFO Downloaded 2675/7712 FEMA features by object ID
2026-06-05 18:23:22,162 INFO Downloaded 2700/7712 FEMA features by object ID
2026-06-05 18:23:22,251 INFO Downloaded 2725/7712 FEMA features by object ID
2026-06-05 18:23:22,321 INFO Downloaded 2750/7712 FEMA features by object ID
2026-06-05 18:23:22,399 INFO Downloaded 2775/7712 FEMA features by object ID
2026-06-05 18:23:22,481 INFO Downloaded 2800/7712 FEMA features by object ID
2026-06-05 18:23:22,567 INFO Downloaded 2825/7712 FEMA features by object ID
2026-06-05 18:23:22,663 INFO Downloaded 2850/7712 FEMA features by object ID
2026-06-05 18:23:22,756 INFO Downloaded 2875/7712 FEMA features by object ID
2026-06-05 18:23:22,827 INFO Downloaded 2900/7712 FEMA features by object ID
2026-06-05 18:23:22,907 INFO Downloaded 2925/7712 FEMA features by object ID
2026-06-05 18:23:22,984 INFO Downloaded 2950/7712 FEMA features by object ID
2026-06-05 18:23:23,069 INFO Downloaded 2975/7712 FEMA features by object ID
2026-06-05 18:23:23,133 INFO Downloaded 3000/7712 FEMA features by object ID
2026-06-05 18:23:23,207 INFO Downloaded 3025/7712 FEMA features by object ID
2026-06-05 18:23:23,302 INFO Downloaded 3050/7712 FEMA features by object ID
2026-06-05 18:23:23,401 INFO Downloaded 3075/7712 FEMA features by object ID
2026-06-05 18:23:23,467 INFO Downloaded 3100/7712 FEMA features by object ID
2026-06-05 18:23:23,543 INFO Downloaded 3125/7712 FEMA features by object ID
2026-06-05 18:23:23,626 INFO Downloaded 3150/7712 FEMA features by object ID
2026-06-05 18:23:23,728 INFO Downloaded 3175/7712 FEMA features by object ID
2026-06-05 18:23:23,798 INFO Downloaded 3200/7712 FEMA features by object ID
2026-06-05 18:23:23,878 INFO Downloaded 3225/7712 FEMA features by object ID
2026-06-05 18:23:23,964 INFO Downloaded 3250/7712 FEMA features by object ID
2026-06-05 18:23:24,059 INFO Downloaded 3275/7712 FEMA features by object ID
2026-06-05 18:23:24,170 INFO Downloaded 3300/7712 FEMA features by object ID
2026-06-05 18:23:24,248 INFO Downloaded 3325/7712 FEMA features by object ID
2026-06-05 18:23:24,324 INFO Downloaded 3350/7712 FEMA features by object ID
2026-06-05 18:23:24,399 INFO Downloaded 3375/7712 FEMA features by object ID
2026-06-05 18:23:24,463 INFO Downloaded 3400/7712 FEMA features by object ID
2026-06-05 18:23:24,547 INFO Downloaded 3425/7712 FEMA features by object ID
2026-06-05 18:23:24,635 INFO Downloaded 3450/7712 FEMA features by object ID
2026-06-05 18:23:24,727 INFO Downloaded 3475/7712 FEMA features by object ID
2026-06-05 18:23:24,832 INFO Downloaded 3500/7712 FEMA features by object ID
2026-06-05 18:23:24,896 INFO Downloaded 3525/7712 FEMA features by object ID
2026-06-05 18:23:24,993 INFO Downloaded 3550/7712 FEMA features by object ID
2026-06-05 18:23:25,065 INFO Downloaded 3575/7712 FEMA features by object ID
2026-06-05 18:23:25,132 INFO Downloaded 3600/7712 FEMA features by object ID
2026-06-05 18:23:25,201 INFO Downloaded 3625/7712 FEMA features by object ID
2026-06-05 18:23:25,315 INFO Downloaded 3650/7712 FEMA features by object ID
2026-06-05 18:23:25,435 INFO Downloaded 3675/7712 FEMA features by object ID
2026-06-05 18:23:25,527 INFO Downloaded 3700/7712 FEMA features by object ID
2026-06-05 18:23:25,607 INFO Downloaded 3725/7712 FEMA features by object ID
2026-06-05 18:23:25,681 INFO Downloaded 3750/7712 FEMA features by object ID
2026-06-05 18:23:25,762 INFO Downloaded 3775/7712 FEMA features by object ID
2026-06-05 18:23:25,857 INFO Downloaded 3800/7712 FEMA features by object ID
2026-06-05 18:23:25,937 INFO Downloaded 3825/7712 FEMA features by object ID
2026-06-05 18:23:26,029 INFO Downloaded 3850/7712 FEMA features by object ID
2026-06-05 18:23:26,104 INFO Downloaded 3875/7712 FEMA features by object ID
2026-06-05 18:23:26,213 INFO Downloaded 3900/7712 FEMA features by object ID
2026-06-05 18:23:26,284 INFO Downloaded 3925/7712 FEMA features by object ID
2026-06-05 18:23:26,384 INFO Downloaded 3950/7712 FEMA features by object ID
2026-06-05 18:23:26,504 INFO Downloaded 3975/7712 FEMA features by object ID
2026-06-05 18:23:26,576 INFO Downloaded 4000/7712 FEMA features by object ID
2026-06-05 18:23:26,652 INFO Downloaded 4025/7712 FEMA features by object ID
2026-06-05 18:23:26,801 INFO Downloaded 4050/7712 FEMA features by object ID
2026-06-05 18:23:26,908 INFO Downloaded 4075/7712 FEMA features by object ID
2026-06-05 18:23:26,997 INFO Downloaded 4100/7712 FEMA features by object ID
2026-06-05 18:23:27,080 INFO Downloaded 4125/7712 FEMA features by object ID
2026-06-05 18:23:27,154 INFO Downloaded 4150/7712 FEMA features by object ID
2026-06-05 18:23:27,235 INFO Downloaded 4175/7712 FEMA features by object ID
2026-06-05 18:23:27,313 INFO Downloaded 4200/7712 FEMA features by object ID
2026-06-05 18:23:27,389 INFO Downloaded 4225/7712 FEMA features by object ID
2026-06-05 18:23:27,463 INFO Downloaded 4250/7712 FEMA features by object ID
2026-06-05 18:23:27,547 INFO Downloaded 4275/7712 FEMA features by object ID
2026-06-05 18:23:27,626 INFO Downloaded 4300/7712 FEMA features by object ID
2026-06-05 18:23:27,704 INFO Downloaded 4325/7712 FEMA features by object ID
2026-06-05 18:23:27,794 INFO Downloaded 4350/7712 FEMA features by object ID
2026-06-05 18:23:27,864 INFO Downloaded 4375/7712 FEMA features by object ID
2026-06-05 18:23:27,939 INFO Downloaded 4400/7712 FEMA features by object ID
2026-06-05 18:23:28,008 INFO Downloaded 4425/7712 FEMA features by object ID
2026-06-05 18:23:28,083 INFO Downloaded 4450/7712 FEMA features by object ID
2026-06-05 18:23:28,171 INFO Downloaded 4475/7712 FEMA features by object ID
2026-06-05 18:23:28,262 INFO Downloaded 4500/7712 FEMA features by object ID
2026-06-05 18:23:28,333 INFO Downloaded 4525/7712 FEMA features by object ID
2026-06-05 18:23:28,412 INFO Downloaded 4550/7712 FEMA features by object ID
2026-06-05 18:23:28,481 INFO Downloaded 4575/7712 FEMA features by object ID
2026-06-05 18:23:28,540 INFO Downloaded 4600/7712 FEMA features by object ID
2026-06-05 18:23:28,635 INFO Downloaded 4625/7712 FEMA features by object ID
2026-06-05 18:23:28,717 INFO Downloaded 4650/7712 FEMA features by object ID
2026-06-05 18:23:28,799 INFO Downloaded 4675/7712 FEMA features by object ID
2026-06-05 18:23:28,866 INFO Downloaded 4700/7712 FEMA features by object ID
2026-06-05 18:23:29,255 INFO Downloaded 4725/7712 FEMA features by object ID
2026-06-05 18:23:29,335 INFO Downloaded 4750/7712 FEMA features by object ID
2026-06-05 18:23:29,421 INFO Downloaded 4775/7712 FEMA features by object ID
2026-06-05 18:23:29,490 INFO Downloaded 4800/7712 FEMA features by object ID
2026-06-05 18:23:29,599 INFO Downloaded 4825/7712 FEMA features by object ID
2026-06-05 18:23:29,670 INFO Downloaded 4850/7712 FEMA features by object ID
2026-06-05 18:23:29,745 INFO Downloaded 4875/7712 FEMA features by object ID
2026-06-05 18:23:29,807 INFO Downloaded 4900/7712 FEMA features by object ID
2026-06-05 18:23:29,913 INFO Downloaded 4925/7712 FEMA features by object ID
2026-06-05 18:23:29,978 INFO Downloaded 4950/7712 FEMA features by object ID
2026-06-05 18:23:30,048 INFO Downloaded 4975/7712 FEMA features by object ID
2026-06-05 18:23:30,119 INFO Downloaded 5000/7712 FEMA features by object ID
2026-06-05 18:23:30,206 INFO Downloaded 5025/7712 FEMA features by object ID
2026-06-05 18:23:30,272 INFO Downloaded 5050/7712 FEMA features by object ID
2026-06-05 18:23:30,375 INFO Downloaded 5075/7712 FEMA features by object ID
2026-06-05 18:23:30,487 INFO Downloaded 5100/7712 FEMA features by object ID
2026-06-05 18:23:30,587 INFO Downloaded 5125/7712 FEMA features by object ID
2026-06-05 18:23:30,661 INFO Downloaded 5150/7712 FEMA features by object ID
2026-06-05 18:23:30,742 INFO Downloaded 5175/7712 FEMA features by object ID
2026-06-05 18:23:30,831 INFO Downloaded 5200/7712 FEMA features by object ID
2026-06-05 18:23:30,935 INFO Downloaded 5225/7712 FEMA features by object ID
2026-06-05 18:23:31,031 INFO Downloaded 5250/7712 FEMA features by object ID
2026-06-05 18:23:31,123 INFO Downloaded 5275/7712 FEMA features by object ID
2026-06-05 18:23:31,211 INFO Downloaded 5300/7712 FEMA features by object ID
2026-06-05 18:23:31,286 INFO Downloaded 5325/7712 FEMA features by object ID
2026-06-05 18:23:31,368 INFO Downloaded 5350/7712 FEMA features by object ID
2026-06-05 18:23:31,461 INFO Downloaded 5375/7712 FEMA features by object ID
2026-06-05 18:23:31,525 INFO Downloaded 5400/7712 FEMA features by object ID
2026-06-05 18:23:31,614 INFO Downloaded 5425/7712 FEMA features by object ID
2026-06-05 18:23:31,679 INFO Downloaded 5450/7712 FEMA features by object ID
2026-06-05 18:23:31,739 INFO Downloaded 5475/7712 FEMA features by object ID
2026-06-05 18:23:31,816 INFO Downloaded 5500/7712 FEMA features by object ID
2026-06-05 18:23:31,895 INFO Downloaded 5525/7712 FEMA features by object ID
2026-06-05 18:23:31,963 INFO Downloaded 5550/7712 FEMA features by object ID
2026-06-05 18:23:32,044 INFO Downloaded 5575/7712 FEMA features by object ID
2026-06-05 18:23:32,141 INFO Downloaded 5600/7712 FEMA features by object ID
2026-06-05 18:23:32,222 INFO Downloaded 5625/7712 FEMA features by object ID
2026-06-05 18:23:32,335 INFO Downloaded 5650/7712 FEMA features by object ID
2026-06-05 18:23:32,419 INFO Downloaded 5675/7712 FEMA features by object ID
2026-06-05 18:23:32,580 INFO Downloaded 5700/7712 FEMA features by object ID
2026-06-05 18:23:35,562 INFO Downloaded 5725/7712 FEMA features by object ID
2026-06-05 18:23:35,735 INFO Downloaded 5750/7712 FEMA features by object ID
2026-06-05 18:23:38,283 INFO Downloaded 5775/7712 FEMA features by object ID
2026-06-05 18:23:38,647 INFO Downloaded 5800/7712 FEMA features by object ID
2026-06-05 18:24:04,193 WARNING FEMA object ID chunk of 25 failed; splitting into 12 and 13. Error: HTTPSConnectionPool(host='hazards.fema.gov', port=443): Max retries exceeded with url: /arcgis/rest/services/public/NFHL/MapServer/28/query?f=geojson&objectIds=18498659%2C18498794%2C18498795%2C18498796%2C18498797%2C18498942%2C18498943%2C18498944%2C18498945%2C18499013%2C18499015%2C18499016%2C18499017%2C18499018%2C18499026%2C18499070%2C18499273%2C18499274%2C18499275%2C18499276%2C18499277%2C18499312%2C19654152%2C19654153%2C19654154&outFields=%2A&returnGeometry=true&outSR=4326 (Caused by ResponseError('too many 500 error responses'))
2026-06-05 18:24:30,878 WARNING FEMA object ID chunk of 13 failed; splitting into 6 and 7. Error: HTTPSConnectionPool(host='hazards.fema.gov', port=443): Max retries exceeded with url: /arcgis/rest/services/public/NFHL/MapServer/28/query?f=geojson&objectIds=18499017%2C18499018%2C18499026%2C18499070%2C18499273%2C18499274%2C18499275%2C18499276%2C18499277%2C18499312%2C19654152%2C19654153%2C19654154&outFields=%2A&returnGeometry=true&outSR=4326 (Caused by ResponseError('too many 500 error responses'))
2026-06-05 18:24:55,952 WARNING FEMA object ID chunk of 7 failed; splitting into 3 and 4. Error: HTTPSConnectionPool(host='hazards.fema.gov', port=443): Max retries exceeded with url: /arcgis/rest/services/public/NFHL/MapServer/28/query?f=geojson&objectIds=18499275%2C18499276%2C18499277%2C18499312%2C19654152%2C19654153%2C19654154&outFields=%2A&returnGeometry=true&outSR=4326 (Caused by ResponseError('too many 500 error responses'))
2026-06-05 18:25:22,239 WARNING FEMA object ID chunk of 4 failed; splitting into 2 and 2. Error: HTTPSConnectionPool(host='hazards.fema.gov', port=443): Max retries exceeded with url: /arcgis/rest/services/public/NFHL/MapServer/28/query?f=geojson&objectIds=18499312%2C19654152%2C19654153%2C19654154&outFields=%2A&returnGeometry=true&outSR=4326 (Caused by ResponseError('too many 500 error responses'))
2026-06-05 18:25:48,458 WARNING FEMA object ID chunk of 2 failed; splitting into 1 and 1. Error: HTTPSConnectionPool(host='hazards.fema.gov', port=443): Max retries exceeded with url: /arcgis/rest/services/public/NFHL/MapServer/28/query?f=geojson&objectIds=18499312%2C19654152&outFields=%2A&returnGeometry=true&outSR=4326 (Caused by ResponseError('too many 500 error responses'))
2026-06-05 18:26:02,919 INFO Downloaded 5825/7712 FEMA features by object ID
2026-06-05 18:26:03,218 INFO Downloaded 5850/7712 FEMA features by object ID
2026-06-05 18:26:03,349 INFO Downloaded 5875/7712 FEMA features by object ID
2026-06-05 18:26:03,492 INFO Downloaded 5900/7712 FEMA features by object ID
2026-06-05 18:26:03,606 INFO Downloaded 5925/7712 FEMA features by object ID
2026-06-05 18:26:03,809 INFO Downloaded 5950/7712 FEMA features by object ID
2026-06-05 18:26:04,279 INFO Downloaded 5975/7712 FEMA features by object ID
2026-06-05 18:26:04,707 INFO Downloaded 6000/7712 FEMA features by object ID
2026-06-05 18:26:05,048 INFO Downloaded 6025/7712 FEMA features by object ID
2026-06-05 18:26:05,271 INFO Downloaded 6050/7712 FEMA features by object ID
2026-06-05 18:26:06,009 INFO Downloaded 6075/7712 FEMA features by object ID
2026-06-05 18:26:07,505 INFO Downloaded 6100/7712 FEMA features by object ID
2026-06-05 18:26:08,643 INFO Downloaded 6125/7712 FEMA features by object ID
2026-06-05 18:26:08,905 INFO Downloaded 6150/7712 FEMA features by object ID
2026-06-05 18:26:09,213 INFO Downloaded 6175/7712 FEMA features by object ID
2026-06-05 18:26:09,552 INFO Downloaded 6200/7712 FEMA features by object ID
2026-06-05 18:26:10,038 INFO Downloaded 6225/7712 FEMA features by object ID
2026-06-05 18:26:10,457 INFO Downloaded 6250/7712 FEMA features by object ID
2026-06-05 18:26:10,734 INFO Downloaded 6275/7712 FEMA features by object ID
2026-06-05 18:26:11,039 INFO Downloaded 6300/7712 FEMA features by object ID
2026-06-05 18:26:11,509 INFO Downloaded 6325/7712 FEMA features by object ID
2026-06-05 18:26:11,766 INFO Downloaded 6350/7712 FEMA features by object ID
2026-06-05 18:26:12,557 INFO Downloaded 6375/7712 FEMA features by object ID
2026-06-05 18:26:13,261 INFO Downloaded 6400/7712 FEMA features by object ID
2026-06-05 18:26:13,681 INFO Downloaded 6425/7712 FEMA features by object ID
2026-06-05 18:26:13,915 INFO Downloaded 6450/7712 FEMA features by object ID
2026-06-05 18:26:14,431 INFO Downloaded 6475/7712 FEMA features by object ID
2026-06-05 18:26:14,630 INFO Downloaded 6500/7712 FEMA features by object ID
2026-06-05 18:26:14,822 INFO Downloaded 6525/7712 FEMA features by object ID
2026-06-05 18:26:15,104 INFO Downloaded 6550/7712 FEMA features by object ID
2026-06-05 18:26:15,517 INFO Downloaded 6575/7712 FEMA features by object ID
2026-06-05 18:26:16,699 INFO Downloaded 6600/7712 FEMA features by object ID
2026-06-05 18:26:16,962 INFO Downloaded 6625/7712 FEMA features by object ID
2026-06-05 18:26:17,249 INFO Downloaded 6650/7712 FEMA features by object ID
2026-06-05 18:26:17,726 INFO Downloaded 6675/7712 FEMA features by object ID
2026-06-05 18:26:18,339 INFO Downloaded 6700/7712 FEMA features by object ID
2026-06-05 18:26:18,748 INFO Downloaded 6725/7712 FEMA features by object ID
2026-06-05 18:26:19,043 INFO Downloaded 6750/7712 FEMA features by object ID
2026-06-05 18:26:19,851 INFO Downloaded 6775/7712 FEMA features by object ID
2026-06-05 18:26:20,006 INFO Downloaded 6800/7712 FEMA features by object ID
2026-06-05 18:26:20,278 INFO Downloaded 6825/7712 FEMA features by object ID
2026-06-05 18:26:20,561 INFO Downloaded 6850/7712 FEMA features by object ID
2026-06-05 18:26:20,933 INFO Downloaded 6875/7712 FEMA features by object ID
2026-06-05 18:26:21,189 INFO Downloaded 6900/7712 FEMA features by object ID
2026-06-05 18:26:21,329 INFO Downloaded 6925/7712 FEMA features by object ID
2026-06-05 18:26:21,581 INFO Downloaded 6950/7712 FEMA features by object ID
2026-06-05 18:26:21,937 INFO Downloaded 6975/7712 FEMA features by object ID
2026-06-05 18:26:22,142 INFO Downloaded 7000/7712 FEMA features by object ID
2026-06-05 18:26:22,375 INFO Downloaded 7025/7712 FEMA features by object ID
2026-06-05 18:26:24,132 INFO Downloaded 7050/7712 FEMA features by object ID
2026-06-05 18:26:24,336 INFO Downloaded 7075/7712 FEMA features by object ID
2026-06-05 18:26:24,715 INFO Downloaded 7100/7712 FEMA features by object ID
2026-06-05 18:26:25,731 INFO Downloaded 7125/7712 FEMA features by object ID
2026-06-05 18:26:26,275 INFO Downloaded 7150/7712 FEMA features by object ID
2026-06-05 18:26:26,644 INFO Downloaded 7175/7712 FEMA features by object ID
2026-06-05 18:26:27,279 INFO Downloaded 7200/7712 FEMA features by object ID
2026-06-05 18:26:27,360 INFO Downloaded 7225/7712 FEMA features by object ID
2026-06-05 18:26:27,811 INFO Downloaded 7250/7712 FEMA features by object ID
2026-06-05 18:26:29,740 INFO Downloaded 7275/7712 FEMA features by object ID
2026-06-05 18:26:30,234 INFO Downloaded 7300/7712 FEMA features by object ID
2026-06-05 18:26:31,057 INFO Downloaded 7325/7712 FEMA features by object ID
2026-06-05 18:26:32,058 INFO Downloaded 7350/7712 FEMA features by object ID
2026-06-05 18:26:32,120 INFO Downloaded 7375/7712 FEMA features by object ID
2026-06-05 18:26:32,673 INFO Downloaded 7400/7712 FEMA features by object ID
2026-06-05 18:26:33,748 INFO Downloaded 7425/7712 FEMA features by object ID
2026-06-05 18:26:34,017 INFO Downloaded 7450/7712 FEMA features by object ID
2026-06-05 18:26:34,226 INFO Downloaded 7475/7712 FEMA features by object ID
2026-06-05 18:26:34,472 INFO Downloaded 7500/7712 FEMA features by object ID
2026-06-05 18:26:34,572 INFO Downloaded 7525/7712 FEMA features by object ID
2026-06-05 18:26:34,932 INFO Downloaded 7550/7712 FEMA features by object ID
2026-06-05 18:26:35,376 INFO Downloaded 7575/7712 FEMA features by object ID
2026-06-05 18:26:35,822 INFO Downloaded 7600/7712 FEMA features by object ID
2026-06-05 18:26:39,728 INFO Downloaded 7625/7712 FEMA features by object ID
2026-06-05 18:27:02,550 WARNING FEMA object ID chunk of 25 failed; splitting into 12 and 13. Error: HTTPSConnectionPool(host='hazards.fema.gov', port=443): Max retries exceeded with url: /arcgis/rest/services/public/NFHL/MapServer/28/query?f=geojson&objectIds=19655955%2C19655956%2C19655957%2C19655958%2C19655959%2C19655960%2C19655961%2C19655962%2C19655963%2C19655964%2C19655965%2C19655966%2C19655967%2C19655968%2C19655969%2C19655970%2C19655971%2C19655972%2C19655973%2C19655974%2C19655975%2C19655976%2C19655977%2C19655978%2C19655979&outFields=%2A&returnGeometry=true&outSR=4326 (Caused by ResponseError('too many 500 error responses'))
2026-06-05 18:27:17,075 INFO Downloaded 7650/7712 FEMA features by object ID
2026-06-05 18:27:17,491 INFO Downloaded 7675/7712 FEMA features by object ID
2026-06-05 18:27:18,235 INFO Downloaded 7700/7712 FEMA features by object ID
2026-06-05 18:27:18,340 INFO Downloaded 7712/7712 FEMA features by object ID
2026-06-05 18:27:28,055 INFO Writing 7712 FEMA features to public.fema_nfhl_flood_zones_raw
2026-06-05 18:28:53,327 INFO Wrote FEMA ingest summary: C:\CabarrusFutureScape\cfs-data-pipelines\outputs\fema_nfhl_flood_zone_ingest_summary.json
