[browser] A tree hydrated but some attributes of the server rendered HTML didn't match the client properties. This won't be patched up. This can happen if a SSR-ed Client Component used:

- A server/client branch `if (typeof window !== 'undefined')`.
- Variable input such as `Date.now()` or `Math.random()` which changes each time it's called.
- Date formatting in a user's locale which doesn't match the server.
- External changing data without sending a snapshot of it along with the HTML.
- Invalid HTML tag nesting.

It can also happen if the client has a browser extension installed which messes with the HTML before React loaded.

https://react.dev/link/hydration-mismatch

  ...
    <HotReload globalError={[...]} webSocket={WebSocket} staticIndicatorState={{pathname:null, ...}}>
      <AppDevOverlayErrorBoundary globalError={[...]}>
        <ReplaySsrOnlyErrors>
        <DevRootHTTPAccessFallbackBoundary>
          <HTTPAccessFallbackBoundary notFound={<NotAllowedRootHTTPFallbackError>}>
            <HTTPAccessFallbackErrorBoundary pathname="/" notFound={<NotAllowedRootHTTPFallbackError>} ...>
              <RedirectBoundary>
                <RedirectErrorBoundary router={{...}}>
                  <Head>
                  <__next_root_layout_boundary__>
                    <SegmentViewNode type="layout" pagePath="layout.tsx">
                      <SegmentTrieNode>
                      <link>
                      <script>
                      <script>
                      <RootLayout>
                        <html lang="en" className="geist_a715...">
                          <body
                            className="min-h-full overflow-x-hidden bg-[#060b12] text-slate-100"
-                           data-new-gr-c-s-check-loaded="14.1299.0"
-                           data-gr-ext-installed=""
                          >
                  ...

[browser] [@arcgis/core/views/3d/layers/graphics/Graphics3DSymbolLayer] ExtrudeSymbol3DLayer geometry failed to be created (filled rings should use clockwise winding - try reversing the order of vertices) (<anonymous>)
[browser] [@arcgis/core/views/3d/layers/graphics/Graphics3DSymbolLayer] ExtrudeSymbol3DLayer geometry failed to be created (filled rings should use clockwise winding - try reversing the order of vertices) (<anonymous>)
[browser] Parcel SceneView focus failed [object Object]
    at applyParcelFocus (src/components/gis/SceneViewContainer.tsx:659:17)
  657 |         }
  658 |
> 659 |         console.error("Parcel SceneView focus failed", focusError);
      |                 ^
  660 |         const goToFailureDiagnostic = {
  661 |           error:
  662 |             focusError instanceof Error (src/components/gis/SceneViewContainer.tsx:659:17)
⨯ ./src/components/layout/AppShell.tsx:4:1
Module not found: Can't resolve '@/components/dashboard/ExecutivePrintView'
  [90m2 |[0m
  [90m3 |[0m [36mimport[0m { [33mDashboardUrlSync[0m } [36mfrom[0m [32m"@/components/dashboard/DashboardUrlSync"[0m;
[31m[1m>[0m [90m4 |[0m [36mimport[0m { [33mExecutivePrintView[0m } [36mfrom[0m [32m"@/components/dashboard/ExecutivePrintView"[0m;
  [90m  |[0m [31m[1m^^^^^^^^^^^^^^^^^^^^^^^^^^^^^^^^^^^^^^^^^^^^^^^^^^^^^^^^^^^^^^^^^^^^^^^^^^^^^^^[0m
  [90m5 |[0m [36mimport[0m { [33mIntelligencePanel[0m } [36mfrom[0m [32m"@/components/dashboard/IntelligencePanel"[0m;
  [90m6 |[0m [36mimport[0m { [33mSceneViewContainer[0m } [36mfrom[0m [32m"@/components/gis/SceneViewContainer"[0m;
  [90m7 |[0m [36mimport[0m { [33mMetricsBar[0m } [36mfrom[0m [32m"@/components/layout/MetricsBar"[0m;

Import map: aliased to relative './src/components/dashboard/ExecutivePrintView' inside of [project]/


Import trace:
  Server Component:
    ./src/components/layout/AppShell.tsx
    ./src/app/page.tsx

https://nextjs.org/docs/messages/module-not-found


⨯ ./src/components/layout/AppShell.tsx:4:1
Module not found: Can't resolve '@/components/dashboard/ExecutivePrintView'
  [90m2 |[0m
  [90m3 |[0m [36mimport[0m { [33mDashboardUrlSync[0m } [36mfrom[0m [32m"@/components/dashboard/DashboardUrlSync"[0m;
[31m[1m>[0m [90m4 |[0m [36mimport[0m { [33mExecutivePrintView[0m } [36mfrom[0m [32m"@/components/dashboard/ExecutivePrintView"[0m;
  [90m  |[0m [31m[1m^^^^^^^^^^^^^^^^^^^^^^^^^^^^^^^^^^^^^^^^^^^^^^^^^^^^^^^^^^^^^^^^^^^^^^^^^^^^^^^[0m
  [90m5 |[0m [36mimport[0m { [33mIntelligencePanel[0m } [36mfrom[0m [32m"@/components/dashboard/IntelligencePanel"[0m;
  [90m6 |[0m [36mimport[0m { [33mSceneViewContainer[0m } [36mfrom[0m [32m"@/components/gis/SceneViewContainer"[0m;
  [90m7 |[0m [36mimport[0m { [33mMetricsBar[0m } [36mfrom[0m [32m"@/components/layout/MetricsBar"[0m;

Import map: aliased to relative './src/components/dashboard/ExecutivePrintView' inside of [project]/


Import trace:
  Server Component:
    ./src/components/layout/AppShell.tsx
    ./src/app/page.tsx

https://nextjs.org/docs/messages/module-not-found


⨯ ./src/components/layout/AppShell.tsx:4:1
Module not found: Can't resolve '@/components/dashboard/ExecutivePrintView'
  [90m2 |[0m
  [90m3 |[0m [36mimport[0m { [33mDashboardUrlSync[0m } [36mfrom[0m [32m"@/components/dashboard/DashboardUrlSync"[0m;
[31m[1m>[0m [90m4 |[0m [36mimport[0m { [33mExecutivePrintView[0m } [36mfrom[0m [32m"@/components/dashboard/ExecutivePrintView"[0m;
  [90m  |[0m [31m[1m^^^^^^^^^^^^^^^^^^^^^^^^^^^^^^^^^^^^^^^^^^^^^^^^^^^^^^^^^^^^^^^^^^^^^^^^^^^^^^^[0m
  [90m5 |[0m [36mimport[0m { [33mIntelligencePanel[0m } [36mfrom[0m [32m"@/components/dashboard/IntelligencePanel"[0m;
  [90m6 |[0m [36mimport[0m { [33mSceneViewContainer[0m } [36mfrom[0m [32m"@/components/gis/SceneViewContainer"[0m;
  [90m7 |[0m [36mimport[0m { [33mMetricsBar[0m } [36mfrom[0m [32m"@/components/layout/MetricsBar"[0m;

Import map: aliased to relative './src/components/dashboard/ExecutivePrintView' inside of [project]/


Import trace:
  Server Component:
    ./src/components/layout/AppShell.tsx
    ./src/app/page.tsx

https://nextjs.org/docs/messages/module-not-found


⨯ ./src/components/layout/AppShell.tsx:4:1
Module not found: Can't resolve '@/components/dashboard/ExecutivePrintView'
  [90m2 |[0m
  [90m3 |[0m [36mimport[0m { [33mDashboardUrlSync[0m } [36mfrom[0m [32m"@/components/dashboard/DashboardUrlSync"[0m;
[31m[1m>[0m [90m4 |[0m [36mimport[0m { [33mExecutivePrintView[0m } [36mfrom[0m [32m"@/components/dashboard/ExecutivePrintView"[0m;
  [90m  |[0m [31m[1m^^^^^^^^^^^^^^^^^^^^^^^^^^^^^^^^^^^^^^^^^^^^^^^^^^^^^^^^^^^^^^^^^^^^^^^^^^^^^^^[0m
  [90m5 |[0m [36mimport[0m { [33mIntelligencePanel[0m } [36mfrom[0m [32m"@/components/dashboard/IntelligencePanel"[0m;
  [90m6 |[0m [36mimport[0m { [33mSceneViewContainer[0m } [36mfrom[0m [32m"@/components/gis/SceneViewContainer"[0m;
  [90m7 |[0m [36mimport[0m { [33mMetricsBar[0m } [36mfrom[0m [32m"@/components/layout/MetricsBar"[0m;

Import map: aliased to relative './src/components/dashboard/ExecutivePrintView' inside of [project]/


Import trace:
  Server Component:
    ./src/components/layout/AppShell.tsx
    ./src/app/page.tsx

https://nextjs.org/docs/messages/module-not-found


⨯ ./src/components/layout/AppShell.tsx:4:1
Module not found: Can't resolve '@/components/dashboard/ExecutivePrintView'
  [90m2 |[0m
  [90m3 |[0m [36mimport[0m { [33mDashboardUrlSync[0m } [36mfrom[0m [32m"@/components/dashboard/DashboardUrlSync"[0m;
[31m[1m>[0m [90m4 |[0m [36mimport[0m { [33mExecutivePrintView[0m } [36mfrom[0m [32m"@/components/dashboard/ExecutivePrintView"[0m;
  [90m  |[0m [31m[1m^^^^^^^^^^^^^^^^^^^^^^^^^^^^^^^^^^^^^^^^^^^^^^^^^^^^^^^^^^^^^^^^^^^^^^^^^^^^^^^[0m
  [90m5 |[0m [36mimport[0m { [33mIntelligencePanel[0m } [36mfrom[0m [32m"@/components/dashboard/IntelligencePanel"[0m;
  [90m6 |[0m [36mimport[0m { [33mSceneViewContainer[0m } [36mfrom[0m [32m"@/components/gis/SceneViewContainer"[0m;
  [90m7 |[0m [36mimport[0m { [33mMetricsBar[0m } [36mfrom[0m [32m"@/components/layout/MetricsBar"[0m;

Import map: aliased to relative './src/components/dashboard/ExecutivePrintView' inside of [project]/


Import trace:
  Server Component:
    ./src/components/layout/AppShell.tsx
    ./src/app/page.tsx

https://nextjs.org/docs/messages/module-not-found


⨯ ./src/components/layout/AppShell.tsx:4:1
Module not found: Can't resolve '@/components/dashboard/ExecutivePrintView'
  [90m2 |[0m
  [90m3 |[0m [36mimport[0m { [33mDashboardUrlSync[0m } [36mfrom[0m [32m"@/components/dashboard/DashboardUrlSync"[0m;
[31m[1m>[0m [90m4 |[0m [36mimport[0m { [33mExecutivePrintView[0m } [36mfrom[0m [32m"@/components/dashboard/ExecutivePrintView"[0m;
  [90m  |[0m [31m[1m^^^^^^^^^^^^^^^^^^^^^^^^^^^^^^^^^^^^^^^^^^^^^^^^^^^^^^^^^^^^^^^^^^^^^^^^^^^^^^^[0m
  [90m5 |[0m [36mimport[0m { [33mIntelligencePanel[0m } [36mfrom[0m [32m"@/components/dashboard/IntelligencePanel"[0m;
  [90m6 |[0m [36mimport[0m { [33mSceneViewContainer[0m } [36mfrom[0m [32m"@/components/gis/SceneViewContainer"[0m;
  [90m7 |[0m [36mimport[0m { [33mMetricsBar[0m } [36mfrom[0m [32m"@/components/layout/MetricsBar"[0m;

Import map: aliased to relative './src/components/dashboard/ExecutivePrintView' inside of [project]/


Import trace:
  Server Component:
    ./src/components/layout/AppShell.tsx
    ./src/app/page.tsx

https://nextjs.org/docs/messages/module-not-found


⨯ ./src/components/layout/AppShell.tsx:4:1
Module not found: Can't resolve '@/components/dashboard/ExecutivePrintView'
  [90m2 |[0m
  [90m3 |[0m [36mimport[0m { [33mDashboardUrlSync[0m } [36mfrom[0m [32m"@/components/dashboard/DashboardUrlSync"[0m;
[31m[1m>[0m [90m4 |[0m [36mimport[0m { [33mExecutivePrintView[0m } [36mfrom[0m [32m"@/components/dashboard/ExecutivePrintView"[0m;
  [90m  |[0m [31m[1m^^^^^^^^^^^^^^^^^^^^^^^^^^^^^^^^^^^^^^^^^^^^^^^^^^^^^^^^^^^^^^^^^^^^^^^^^^^^^^^[0m
  [90m5 |[0m [36mimport[0m { [33mIntelligencePanel[0m } [36mfrom[0m [32m"@/components/dashboard/IntelligencePanel"[0m;
  [90m6 |[0m [36mimport[0m { [33mSceneViewContainer[0m } [36mfrom[0m [32m"@/components/gis/SceneViewContainer"[0m;
  [90m7 |[0m [36mimport[0m { [33mMetricsBar[0m } [36mfrom[0m [32m"@/components/layout/MetricsBar"[0m;

Import map: aliased to relative './src/components/dashboard/ExecutivePrintView' inside of [project]/


Import trace:
  Server Component:
    ./src/components/layout/AppShell.tsx
    ./src/app/page.tsx

https://nextjs.org/docs/messages/module-not-found


⨯ ./src/components/layout/AppShell.tsx:4:1
Module not found: Can't resolve '@/components/dashboard/ExecutivePrintView'
  [90m2 |[0m
  [90m3 |[0m [36mimport[0m { [33mDashboardUrlSync[0m } [36mfrom[0m [32m"@/components/dashboard/DashboardUrlSync"[0m;
[31m[1m>[0m [90m4 |[0m [36mimport[0m { [33mExecutivePrintView[0m } [36mfrom[0m [32m"@/components/dashboard/ExecutivePrintView"[0m;
  [90m  |[0m [31m[1m^^^^^^^^^^^^^^^^^^^^^^^^^^^^^^^^^^^^^^^^^^^^^^^^^^^^^^^^^^^^^^^^^^^^^^^^^^^^^^^[0m
  [90m5 |[0m [36mimport[0m { [33mIntelligencePanel[0m } [36mfrom[0m [32m"@/components/dashboard/IntelligencePanel"[0m;
  [90m6 |[0m [36mimport[0m { [33mSceneViewContainer[0m } [36mfrom[0m [32m"@/components/gis/SceneViewContainer"[0m;
  [90m7 |[0m [36mimport[0m { [33mMetricsBar[0m } [36mfrom[0m [32m"@/components/layout/MetricsBar"[0m;

Import map: aliased to relative './src/components/dashboard/ExecutivePrintView' inside of [project]/


Import trace:
  Server Component:
    ./src/components/layout/AppShell.tsx
    ./src/app/page.tsx

https://nextjs.org/docs/messages/module-not-found


⨯ ./src/components/layout/AppShell.tsx:4:1
Module not found: Can't resolve '@/components/dashboard/ExecutivePrintView'
  [90m2 |[0m
  [90m3 |[0m [36mimport[0m { [33mDashboardUrlSync[0m } [36mfrom[0m [32m"@/components/dashboard/DashboardUrlSync"[0m;
[31m[1m>[0m [90m4 |[0m [36mimport[0m { [33mExecutivePrintView[0m } [36mfrom[0m [32m"@/components/dashboard/ExecutivePrintView"[0m;
  [90m  |[0m [31m[1m^^^^^^^^^^^^^^^^^^^^^^^^^^^^^^^^^^^^^^^^^^^^^^^^^^^^^^^^^^^^^^^^^^^^^^^^^^^^^^^[0m
  [90m5 |[0m [36mimport[0m { [33mIntelligencePanel[0m } [36mfrom[0m [32m"@/components/dashboard/IntelligencePanel"[0m;
  [90m6 |[0m [36mimport[0m { [33mSceneViewContainer[0m } [36mfrom[0m [32m"@/components/gis/SceneViewContainer"[0m;
  [90m7 |[0m [36mimport[0m { [33mMetricsBar[0m } [36mfrom[0m [32m"@/components/layout/MetricsBar"[0m;

Import map: aliased to relative './src/components/dashboard/ExecutivePrintView' inside of [project]/


Import trace:
  Server Component:
    ./src/components/layout/AppShell.tsx
    ./src/app/page.tsx

https://nextjs.org/docs/messages/module-not-found


⨯ ./src/components/layout/AppShell.tsx:4:1
Module not found: Can't resolve '@/components/dashboard/ExecutivePrintView'
  [90m2 |[0m
  [90m3 |[0m [36mimport[0m { [33mDashboardUrlSync[0m } [36mfrom[0m [32m"@/components/dashboard/DashboardUrlSync"[0m;
[31m[1m>[0m [90m4 |[0m [36mimport[0m { [33mExecutivePrintView[0m } [36mfrom[0m [32m"@/components/dashboard/ExecutivePrintView"[0m;
  [90m  |[0m [31m[1m^^^^^^^^^^^^^^^^^^^^^^^^^^^^^^^^^^^^^^^^^^^^^^^^^^^^^^^^^^^^^^^^^^^^^^^^^^^^^^^[0m
  [90m5 |[0m [36mimport[0m { [33mIntelligencePanel[0m } [36mfrom[0m [32m"@/components/dashboard/IntelligencePanel"[0m;
  [90m6 |[0m [36mimport[0m { [33mSceneViewContainer[0m } [36mfrom[0m [32m"@/components/gis/SceneViewContainer"[0m;
  [90m7 |[0m [36mimport[0m { [33mMetricsBar[0m } [36mfrom[0m [32m"@/components/layout/MetricsBar"[0m;

Import map: aliased to relative './src/components/dashboard/ExecutivePrintView' inside of [project]/


Import trace:
  Server Component:
    ./src/components/layout/AppShell.tsx
    ./src/app/page.tsx

https://nextjs.org/docs/messages/module-not-found


⨯ ./src/components/layout/AppShell.tsx:4:1
Module not found: Can't resolve '@/components/dashboard/ExecutivePrintView'
  [90m2 |[0m
  [90m3 |[0m [36mimport[0m { [33mDashboardUrlSync[0m } [36mfrom[0m [32m"@/components/dashboard/DashboardUrlSync"[0m;
[31m[1m>[0m [90m4 |[0m [36mimport[0m { [33mExecutivePrintView[0m } [36mfrom[0m [32m"@/components/dashboard/ExecutivePrintView"[0m;
  [90m  |[0m [31m[1m^^^^^^^^^^^^^^^^^^^^^^^^^^^^^^^^^^^^^^^^^^^^^^^^^^^^^^^^^^^^^^^^^^^^^^^^^^^^^^^[0m
  [90m5 |[0m [36mimport[0m { [33mIntelligencePanel[0m } [36mfrom[0m [32m"@/components/dashboard/IntelligencePanel"[0m;
  [90m6 |[0m [36mimport[0m { [33mSceneViewContainer[0m } [36mfrom[0m [32m"@/components/gis/SceneViewContainer"[0m;
  [90m7 |[0m [36mimport[0m { [33mMetricsBar[0m } [36mfrom[0m [32m"@/components/layout/MetricsBar"[0m;

Import map: aliased to relative './src/components/dashboard/ExecutivePrintView' inside of [project]/


Import trace:
  Server Component:
    ./src/components/layout/AppShell.tsx
    ./src/app/page.tsx

https://nextjs.org/docs/messages/module-not-found


⨯ ./src/components/layout/AppShell.tsx:4:1
Module not found: Can't resolve '@/components/dashboard/ExecutivePrintView'
  [90m2 |[0m
  [90m3 |[0m [36mimport[0m { [33mDashboardUrlSync[0m } [36mfrom[0m [32m"@/components/dashboard/DashboardUrlSync"[0m;
[31m[1m>[0m [90m4 |[0m [36mimport[0m { [33mExecutivePrintView[0m } [36mfrom[0m [32m"@/components/dashboard/ExecutivePrintView"[0m;
  [90m  |[0m [31m[1m^^^^^^^^^^^^^^^^^^^^^^^^^^^^^^^^^^^^^^^^^^^^^^^^^^^^^^^^^^^^^^^^^^^^^^^^^^^^^^^[0m
  [90m5 |[0m [36mimport[0m { [33mIntelligencePanel[0m } [36mfrom[0m [32m"@/components/dashboard/IntelligencePanel"[0m;
  [90m6 |[0m [36mimport[0m { [33mSceneViewContainer[0m } [36mfrom[0m [32m"@/components/gis/SceneViewContainer"[0m;
  [90m7 |[0m [36mimport[0m { [33mMetricsBar[0m } [36mfrom[0m [32m"@/components/layout/MetricsBar"[0m;

Import map: aliased to relative './src/components/dashboard/ExecutivePrintView' inside of [project]/


Import trace:
  Server Component:
    ./src/components/layout/AppShell.tsx
    ./src/app/page.tsx

https://nextjs.org/docs/messages/module-not-found


⨯ ./src/components/layout/AppShell.tsx:4:1
Module not found: Can't resolve '@/components/dashboard/ExecutivePrintView'
  [90m2 |[0m
  [90m3 |[0m [36mimport[0m { [33mDashboardUrlSync[0m } [36mfrom[0m [32m"@/components/dashboard/DashboardUrlSync"[0m;
[31m[1m>[0m [90m4 |[0m [36mimport[0m { [33mExecutivePrintView[0m } [36mfrom[0m [32m"@/components/dashboard/ExecutivePrintView"[0m;
  [90m  |[0m [31m[1m^^^^^^^^^^^^^^^^^^^^^^^^^^^^^^^^^^^^^^^^^^^^^^^^^^^^^^^^^^^^^^^^^^^^^^^^^^^^^^^[0m
  [90m5 |[0m [36mimport[0m { [33mIntelligencePanel[0m } [36mfrom[0m [32m"@/components/dashboard/IntelligencePanel"[0m;
  [90m6 |[0m [36mimport[0m { [33mSceneViewContainer[0m } [36mfrom[0m [32m"@/components/gis/SceneViewContainer"[0m;
  [90m7 |[0m [36mimport[0m { [33mMetricsBar[0m } [36mfrom[0m [32m"@/components/layout/MetricsBar"[0m;

Import map: aliased to relative './src/components/dashboard/ExecutivePrintView' inside of [project]/


Import trace:
  Server Component:
    ./src/components/layout/AppShell.tsx
    ./src/app/page.tsx

https://nextjs.org/docs/messages/module-not-found


⨯ ./src/components/layout/AppShell.tsx:4:1
Module not found: Can't resolve '@/components/dashboard/ExecutivePrintView'
  [90m2 |[0m
  [90m3 |[0m [36mimport[0m { [33mDashboardUrlSync[0m } [36mfrom[0m [32m"@/components/dashboard/DashboardUrlSync"[0m;
[31m[1m>[0m [90m4 |[0m [36mimport[0m { [33mExecutivePrintView[0m } [36mfrom[0m [32m"@/components/dashboard/ExecutivePrintView"[0m;
  [90m  |[0m [31m[1m^^^^^^^^^^^^^^^^^^^^^^^^^^^^^^^^^^^^^^^^^^^^^^^^^^^^^^^^^^^^^^^^^^^^^^^^^^^^^^^[0m
  [90m5 |[0m [36mimport[0m { [33mIntelligencePanel[0m } [36mfrom[0m [32m"@/components/dashboard/IntelligencePanel"[0m;
  [90m6 |[0m [36mimport[0m { [33mSceneViewContainer[0m } [36mfrom[0m [32m"@/components/gis/SceneViewContainer"[0m;
  [90m7 |[0m [36mimport[0m { [33mMetricsBar[0m } [36mfrom[0m [32m"@/components/layout/MetricsBar"[0m;

Import map: aliased to relative './src/components/dashboard/ExecutivePrintView' inside of [project]/


Import trace:
  Server Component:
    ./src/components/layout/AppShell.tsx
    ./src/app/page.tsx

https://nextjs.org/docs/messages/module-not-found


⨯ ./src/components/layout/AppShell.tsx:4:1
Module not found: Can't resolve '@/components/dashboard/ExecutivePrintView'
  [90m2 |[0m
  [90m3 |[0m [36mimport[0m { [33mDashboardUrlSync[0m } [36mfrom[0m [32m"@/components/dashboard/DashboardUrlSync"[0m;
[31m[1m>[0m [90m4 |[0m [36mimport[0m { [33mExecutivePrintView[0m } [36mfrom[0m [32m"@/components/dashboard/ExecutivePrintView"[0m;
  [90m  |[0m [31m[1m^^^^^^^^^^^^^^^^^^^^^^^^^^^^^^^^^^^^^^^^^^^^^^^^^^^^^^^^^^^^^^^^^^^^^^^^^^^^^^^[0m
  [90m5 |[0m [36mimport[0m { [33mIntelligencePanel[0m } [36mfrom[0m [32m"@/components/dashboard/IntelligencePanel"[0m;
  [90m6 |[0m [36mimport[0m { [33mSceneViewContainer[0m } [36mfrom[0m [32m"@/components/gis/SceneViewContainer"[0m;
  [90m7 |[0m [36mimport[0m { [33mMetricsBar[0m } [36mfrom[0m [32m"@/components/layout/MetricsBar"[0m;

Import map: aliased to relative './src/components/dashboard/ExecutivePrintView' inside of [project]/


Import trace:
  Server Component:
    ./src/components/layout/AppShell.tsx
    ./src/app/page.tsx

https://nextjs.org/docs/messages/module-not-found


⨯ ./src/components/layout/AppShell.tsx:4:1
Module not found: Can't resolve '@/components/dashboard/ExecutivePrintView'
  [90m2 |[0m
  [90m3 |[0m [36mimport[0m { [33mDashboardUrlSync[0m } [36mfrom[0m [32m"@/components/dashboard/DashboardUrlSync"[0m;
[31m[1m>[0m [90m4 |[0m [36mimport[0m { [33mExecutivePrintView[0m } [36mfrom[0m [32m"@/components/dashboard/ExecutivePrintView"[0m;
  [90m  |[0m [31m[1m^^^^^^^^^^^^^^^^^^^^^^^^^^^^^^^^^^^^^^^^^^^^^^^^^^^^^^^^^^^^^^^^^^^^^^^^^^^^^^^[0m
  [90m5 |[0m [36mimport[0m { [33mIntelligencePanel[0m } [36mfrom[0m [32m"@/components/dashboard/IntelligencePanel"[0m;
  [90m6 |[0m [36mimport[0m { [33mSceneViewContainer[0m } [36mfrom[0m [32m"@/components/gis/SceneViewContainer"[0m;
  [90m7 |[0m [36mimport[0m { [33mMetricsBar[0m } [36mfrom[0m [32m"@/components/layout/MetricsBar"[0m;

Import map: aliased to relative './src/components/dashboard/ExecutivePrintView' inside of [project]/


Import trace:
  Server Component:
    ./src/components/layout/AppShell.tsx
    ./src/app/page.tsx

https://nextjs.org/docs/messages/module-not-found


⨯ ./src/components/layout/AppShell.tsx:4:1
Module not found: Can't resolve '@/components/dashboard/ExecutivePrintView'
  [90m2 |[0m
  [90m3 |[0m [36mimport[0m { [33mDashboardUrlSync[0m } [36mfrom[0m [32m"@/components/dashboard/DashboardUrlSync"[0m;
[31m[1m>[0m [90m4 |[0m [36mimport[0m { [33mExecutivePrintView[0m } [36mfrom[0m [32m"@/components/dashboard/ExecutivePrintView"[0m;
  [90m  |[0m [31m[1m^^^^^^^^^^^^^^^^^^^^^^^^^^^^^^^^^^^^^^^^^^^^^^^^^^^^^^^^^^^^^^^^^^^^^^^^^^^^^^^[0m
  [90m5 |[0m [36mimport[0m { [33mIntelligencePanel[0m } [36mfrom[0m [32m"@/components/dashboard/IntelligencePanel"[0m;
  [90m6 |[0m [36mimport[0m { [33mSceneViewContainer[0m } [36mfrom[0m [32m"@/components/gis/SceneViewContainer"[0m;
  [90m7 |[0m [36mimport[0m { [33mMetricsBar[0m } [36mfrom[0m [32m"@/components/layout/MetricsBar"[0m;

Import map: aliased to relative './src/components/dashboard/ExecutivePrintView' inside of [project]/


Import trace:
  Server Component:
    ./src/components/layout/AppShell.tsx
    ./src/app/page.tsx

https://nextjs.org/docs/messages/module-not-found


⨯ ./src/components/layout/AppShell.tsx:4:1
Module not found: Can't resolve '@/components/dashboard/ExecutivePrintView'
  [90m2 |[0m
  [90m3 |[0m [36mimport[0m { [33mDashboardUrlSync[0m } [36mfrom[0m [32m"@/components/dashboard/DashboardUrlSync"[0m;
[31m[1m>[0m [90m4 |[0m [36mimport[0m { [33mExecutivePrintView[0m } [36mfrom[0m [32m"@/components/dashboard/ExecutivePrintView"[0m;
  [90m  |[0m [31m[1m^^^^^^^^^^^^^^^^^^^^^^^^^^^^^^^^^^^^^^^^^^^^^^^^^^^^^^^^^^^^^^^^^^^^^^^^^^^^^^^[0m
  [90m5 |[0m [36mimport[0m { [33mIntelligencePanel[0m } [36mfrom[0m [32m"@/components/dashboard/IntelligencePanel"[0m;
  [90m6 |[0m [36mimport[0m { [33mSceneViewContainer[0m } [36mfrom[0m [32m"@/components/gis/SceneViewContainer"[0m;
  [90m7 |[0m [36mimport[0m { [33mMetricsBar[0m } [36mfrom[0m [32m"@/components/layout/MetricsBar"[0m;

Import map: aliased to relative './src/components/dashboard/ExecutivePrintView' inside of [project]/


Import trace:
  Server Component:
    ./src/components/layout/AppShell.tsx
    ./src/app/page.tsx

https://nextjs.org/docs/messages/module-not-found


⨯ ./src/components/layout/AppShell.tsx:4:1
Module not found: Can't resolve '@/components/dashboard/ExecutivePrintView'
  [90m2 |[0m
  [90m3 |[0m [36mimport[0m { [33mDashboardUrlSync[0m } [36mfrom[0m [32m"@/components/dashboard/DashboardUrlSync"[0m;
[31m[1m>[0m [90m4 |[0m [36mimport[0m { [33mExecutivePrintView[0m } [36mfrom[0m [32m"@/components/dashboard/ExecutivePrintView"[0m;
  [90m  |[0m [31m[1m^^^^^^^^^^^^^^^^^^^^^^^^^^^^^^^^^^^^^^^^^^^^^^^^^^^^^^^^^^^^^^^^^^^^^^^^^^^^^^^[0m
  [90m5 |[0m [36mimport[0m { [33mIntelligencePanel[0m } [36mfrom[0m [32m"@/components/dashboard/IntelligencePanel"[0m;
  [90m6 |[0m [36mimport[0m { [33mSceneViewContainer[0m } [36mfrom[0m [32m"@/components/gis/SceneViewContainer"[0m;
  [90m7 |[0m [36mimport[0m { [33mMetricsBar[0m } [36mfrom[0m [32m"@/components/layout/MetricsBar"[0m;

Import map: aliased to relative './src/components/dashboard/ExecutivePrintView' inside of [project]/


Import trace:
  Server Component:
    ./src/components/layout/AppShell.tsx
    ./src/app/page.tsx

https://nextjs.org/docs/messages/module-not-found


⨯ ./src/components/layout/AppShell.tsx:4:1
Module not found: Can't resolve '@/components/dashboard/ExecutivePrintView'
  [90m2 |[0m
  [90m3 |[0m [36mimport[0m { [33mDashboardUrlSync[0m } [36mfrom[0m [32m"@/components/dashboard/DashboardUrlSync"[0m;
[31m[1m>[0m [90m4 |[0m [36mimport[0m { [33mExecutivePrintView[0m } [36mfrom[0m [32m"@/components/dashboard/ExecutivePrintView"[0m;
  [90m  |[0m [31m[1m^^^^^^^^^^^^^^^^^^^^^^^^^^^^^^^^^^^^^^^^^^^^^^^^^^^^^^^^^^^^^^^^^^^^^^^^^^^^^^^[0m
  [90m5 |[0m [36mimport[0m { [33mIntelligencePanel[0m } [36mfrom[0m [32m"@/components/dashboard/IntelligencePanel"[0m;
  [90m6 |[0m [36mimport[0m { [33mSceneViewContainer[0m } [36mfrom[0m [32m"@/components/gis/SceneViewContainer"[0m;
  [90m7 |[0m [36mimport[0m { [33mMetricsBar[0m } [36mfrom[0m [32m"@/components/layout/MetricsBar"[0m;

Import map: aliased to relative './src/components/dashboard/ExecutivePrintView' inside of [project]/


Import trace:
  Server Component:
    ./src/components/layout/AppShell.tsx
    ./src/app/page.tsx

https://nextjs.org/docs/messages/module-not-found


⨯ ./src/components/layout/AppShell.tsx:4:1
Module not found: Can't resolve '@/components/dashboard/ExecutivePrintView'
  [90m2 |[0m
  [90m3 |[0m [36mimport[0m { [33mDashboardUrlSync[0m } [36mfrom[0m [32m"@/components/dashboard/DashboardUrlSync"[0m;
[31m[1m>[0m [90m4 |[0m [36mimport[0m { [33mExecutivePrintView[0m } [36mfrom[0m [32m"@/components/dashboard/ExecutivePrintView"[0m;
  [90m  |[0m [31m[1m^^^^^^^^^^^^^^^^^^^^^^^^^^^^^^^^^^^^^^^^^^^^^^^^^^^^^^^^^^^^^^^^^^^^^^^^^^^^^^^[0m
  [90m5 |[0m [36mimport[0m { [33mIntelligencePanel[0m } [36mfrom[0m [32m"@/components/dashboard/IntelligencePanel"[0m;
  [90m6 |[0m [36mimport[0m { [33mSceneViewContainer[0m } [36mfrom[0m [32m"@/components/gis/SceneViewContainer"[0m;
  [90m7 |[0m [36mimport[0m { [33mMetricsBar[0m } [36mfrom[0m [32m"@/components/layout/MetricsBar"[0m;

Import map: aliased to relative './src/components/dashboard/ExecutivePrintView' inside of [project]/


Import trace:
  Server Component:
    ./src/components/layout/AppShell.tsx
    ./src/app/page.tsx

https://nextjs.org/docs/messages/module-not-found


⨯ ./src/components/layout/AppShell.tsx:4:1
Module not found: Can't resolve '@/components/dashboard/ExecutivePrintView'
  [90m2 |[0m
  [90m3 |[0m [36mimport[0m { [33mDashboardUrlSync[0m } [36mfrom[0m [32m"@/components/dashboard/DashboardUrlSync"[0m;
[31m[1m>[0m [90m4 |[0m [36mimport[0m { [33mExecutivePrintView[0m } [36mfrom[0m [32m"@/components/dashboard/ExecutivePrintView"[0m;
  [90m  |[0m [31m[1m^^^^^^^^^^^^^^^^^^^^^^^^^^^^^^^^^^^^^^^^^^^^^^^^^^^^^^^^^^^^^^^^^^^^^^^^^^^^^^^[0m
  [90m5 |[0m [36mimport[0m { [33mIntelligencePanel[0m } [36mfrom[0m [32m"@/components/dashboard/IntelligencePanel"[0m;
  [90m6 |[0m [36mimport[0m { [33mSceneViewContainer[0m } [36mfrom[0m [32m"@/components/gis/SceneViewContainer"[0m;
  [90m7 |[0m [36mimport[0m { [33mMetricsBar[0m } [36mfrom[0m [32m"@/components/layout/MetricsBar"[0m;

Import map: aliased to relative './src/components/dashboard/ExecutivePrintView' inside of [project]/


Import trace:
  Server Component:
    ./src/components/layout/AppShell.tsx
    ./src/app/page.tsx

https://nextjs.org/docs/messages/module-not-found


⨯ ./src/components/layout/AppShell.tsx:4:1
Module not found: Can't resolve '@/components/dashboard/ExecutivePrintView'
  [90m2 |[0m
  [90m3 |[0m [36mimport[0m { [33mDashboardUrlSync[0m } [36mfrom[0m [32m"@/components/dashboard/DashboardUrlSync"[0m;
[31m[1m>[0m [90m4 |[0m [36mimport[0m { [33mExecutivePrintView[0m } [36mfrom[0m [32m"@/components/dashboard/ExecutivePrintView"[0m;
  [90m  |[0m [31m[1m^^^^^^^^^^^^^^^^^^^^^^^^^^^^^^^^^^^^^^^^^^^^^^^^^^^^^^^^^^^^^^^^^^^^^^^^^^^^^^^[0m
  [90m5 |[0m [36mimport[0m { [33mIntelligencePanel[0m } [36mfrom[0m [32m"@/components/dashboard/IntelligencePanel"[0m;
  [90m6 |[0m [36mimport[0m { [33mSceneViewContainer[0m } [36mfrom[0m [32m"@/components/gis/SceneViewContainer"[0m;
  [90m7 |[0m [36mimport[0m { [33mMetricsBar[0m } [36mfrom[0m [32m"@/components/layout/MetricsBar"[0m;

Import map: aliased to relative './src/components/dashboard/ExecutivePrintView' inside of [project]/


Import trace:
  Server Component:
    ./src/components/layout/AppShell.tsx
    ./src/app/page.tsx

https://nextjs.org/docs/messages/module-not-found


⨯ ./src/components/layout/AppShell.tsx:4:1
Module not found: Can't resolve '@/components/dashboard/ExecutivePrintView'
  [90m2 |[0m
  [90m3 |[0m [36mimport[0m { [33mDashboardUrlSync[0m } [36mfrom[0m [32m"@/components/dashboard/DashboardUrlSync"[0m;
[31m[1m>[0m [90m4 |[0m [36mimport[0m { [33mExecutivePrintView[0m } [36mfrom[0m [32m"@/components/dashboard/ExecutivePrintView"[0m;
  [90m  |[0m [31m[1m^^^^^^^^^^^^^^^^^^^^^^^^^^^^^^^^^^^^^^^^^^^^^^^^^^^^^^^^^^^^^^^^^^^^^^^^^^^^^^^[0m
  [90m5 |[0m [36mimport[0m { [33mIntelligencePanel[0m } [36mfrom[0m [32m"@/components/dashboard/IntelligencePanel"[0m;
  [90m6 |[0m [36mimport[0m { [33mSceneViewContainer[0m } [36mfrom[0m [32m"@/components/gis/SceneViewContainer"[0m;
  [90m7 |[0m [36mimport[0m { [33mMetricsBar[0m } [36mfrom[0m [32m"@/components/layout/MetricsBar"[0m;

Import map: aliased to relative './src/components/dashboard/ExecutivePrintView' inside of [project]/


Import trace:
  Server Component:
    ./src/components/layout/AppShell.tsx
    ./src/app/page.tsx

https://nextjs.org/docs/messages/module-not-found


⨯ ./src/components/layout/AppShell.tsx:4:1
Module not found: Can't resolve '@/components/dashboard/ExecutivePrintView'
  [90m2 |[0m
  [90m3 |[0m [36mimport[0m { [33mDashboardUrlSync[0m } [36mfrom[0m [32m"@/components/dashboard/DashboardUrlSync"[0m;
[31m[1m>[0m [90m4 |[0m [36mimport[0m { [33mExecutivePrintView[0m } [36mfrom[0m [32m"@/components/dashboard/ExecutivePrintView"[0m;
  [90m  |[0m [31m[1m^^^^^^^^^^^^^^^^^^^^^^^^^^^^^^^^^^^^^^^^^^^^^^^^^^^^^^^^^^^^^^^^^^^^^^^^^^^^^^^[0m
  [90m5 |[0m [36mimport[0m { [33mIntelligencePanel[0m } [36mfrom[0m [32m"@/components/dashboard/IntelligencePanel"[0m;
  [90m6 |[0m [36mimport[0m { [33mSceneViewContainer[0m } [36mfrom[0m [32m"@/components/gis/SceneViewContainer"[0m;
  [90m7 |[0m [36mimport[0m { [33mMetricsBar[0m } [36mfrom[0m [32m"@/components/layout/MetricsBar"[0m;

Import map: aliased to relative './src/components/dashboard/ExecutivePrintView' inside of [project]/


Import trace:
  Server Component:
    ./src/components/layout/AppShell.tsx
    ./src/app/page.tsx

https://nextjs.org/docs/messages/module-not-found


⨯ ./src/components/layout/AppShell.tsx:4:1
Module not found: Can't resolve '@/components/dashboard/ExecutivePrintView'
  [90m2 |[0m
  [90m3 |[0m [36mimport[0m { [33mDashboardUrlSync[0m } [36mfrom[0m [32m"@/components/dashboard/DashboardUrlSync"[0m;
[31m[1m>[0m [90m4 |[0m [36mimport[0m { [33mExecutivePrintView[0m } [36mfrom[0m [32m"@/components/dashboard/ExecutivePrintView"[0m;
  [90m  |[0m [31m[1m^^^^^^^^^^^^^^^^^^^^^^^^^^^^^^^^^^^^^^^^^^^^^^^^^^^^^^^^^^^^^^^^^^^^^^^^^^^^^^^[0m
  [90m5 |[0m [36mimport[0m { [33mIntelligencePanel[0m } [36mfrom[0m [32m"@/components/dashboard/IntelligencePanel"[0m;
  [90m6 |[0m [36mimport[0m { [33mSceneViewContainer[0m } [36mfrom[0m [32m"@/components/gis/SceneViewContainer"[0m;
  [90m7 |[0m [36mimport[0m { [33mMetricsBar[0m } [36mfrom[0m [32m"@/components/layout/MetricsBar"[0m;

Import map: aliased to relative './src/components/dashboard/ExecutivePrintView' inside of [project]/


Import trace:
  Server Component:
    ./src/components/layout/AppShell.tsx
    ./src/app/page.tsx

https://nextjs.org/docs/messages/module-not-found


⨯ ./src/components/layout/AppShell.tsx:4:1
Module not found: Can't resolve '@/components/dashboard/ExecutivePrintView'
  [90m2 |[0m
  [90m3 |[0m [36mimport[0m { [33mDashboardUrlSync[0m } [36mfrom[0m [32m"@/components/dashboard/DashboardUrlSync"[0m;
[31m[1m>[0m [90m4 |[0m [36mimport[0m { [33mExecutivePrintView[0m } [36mfrom[0m [32m"@/components/dashboard/ExecutivePrintView"[0m;
  [90m  |[0m [31m[1m^^^^^^^^^^^^^^^^^^^^^^^^^^^^^^^^^^^^^^^^^^^^^^^^^^^^^^^^^^^^^^^^^^^^^^^^^^^^^^^[0m
  [90m5 |[0m [36mimport[0m { [33mIntelligencePanel[0m } [36mfrom[0m [32m"@/components/dashboard/IntelligencePanel"[0m;
  [90m6 |[0m [36mimport[0m { [33mSceneViewContainer[0m } [36mfrom[0m [32m"@/components/gis/SceneViewContainer"[0m;
  [90m7 |[0m [36mimport[0m { [33mMetricsBar[0m } [36mfrom[0m [32m"@/components/layout/MetricsBar"[0m;

Import map: aliased to relative './src/components/dashboard/ExecutivePrintView' inside of [project]/


Import trace:
  Server Component:
    ./src/components/layout/AppShell.tsx
    ./src/app/page.tsx

https://nextjs.org/docs/messages/module-not-found


⨯ ./src/components/layout/AppShell.tsx:4:1
Module not found: Can't resolve '@/components/dashboard/ExecutivePrintView'
  [90m2 |[0m
  [90m3 |[0m [36mimport[0m { [33mDashboardUrlSync[0m } [36mfrom[0m [32m"@/components/dashboard/DashboardUrlSync"[0m;
[31m[1m>[0m [90m4 |[0m [36mimport[0m { [33mExecutivePrintView[0m } [36mfrom[0m [32m"@/components/dashboard/ExecutivePrintView"[0m;
  [90m  |[0m [31m[1m^^^^^^^^^^^^^^^^^^^^^^^^^^^^^^^^^^^^^^^^^^^^^^^^^^^^^^^^^^^^^^^^^^^^^^^^^^^^^^^[0m
  [90m5 |[0m [36mimport[0m { [33mIntelligencePanel[0m } [36mfrom[0m [32m"@/components/dashboard/IntelligencePanel"[0m;
  [90m6 |[0m [36mimport[0m { [33mSceneViewContainer[0m } [36mfrom[0m [32m"@/components/gis/SceneViewContainer"[0m;
  [90m7 |[0m [36mimport[0m { [33mMetricsBar[0m } [36mfrom[0m [32m"@/components/layout/MetricsBar"[0m;

Import map: aliased to relative './src/components/dashboard/ExecutivePrintView' inside of [project]/


Import trace:
  Server Component:
    ./src/components/layout/AppShell.tsx
    ./src/app/page.tsx

https://nextjs.org/docs/messages/module-not-found


⨯ ./src/components/layout/AppShell.tsx:4:1
Module not found: Can't resolve '@/components/dashboard/ExecutivePrintView'
  [90m2 |[0m
  [90m3 |[0m [36mimport[0m { [33mDashboardUrlSync[0m } [36mfrom[0m [32m"@/components/dashboard/DashboardUrlSync"[0m;
[31m[1m>[0m [90m4 |[0m [36mimport[0m { [33mExecutivePrintView[0m } [36mfrom[0m [32m"@/components/dashboard/ExecutivePrintView"[0m;
  [90m  |[0m [31m[1m^^^^^^^^^^^^^^^^^^^^^^^^^^^^^^^^^^^^^^^^^^^^^^^^^^^^^^^^^^^^^^^^^^^^^^^^^^^^^^^[0m
  [90m5 |[0m [36mimport[0m { [33mIntelligencePanel[0m } [36mfrom[0m [32m"@/components/dashboard/IntelligencePanel"[0m;
  [90m6 |[0m [36mimport[0m { [33mSceneViewContainer[0m } [36mfrom[0m [32m"@/components/gis/SceneViewContainer"[0m;
  [90m7 |[0m [36mimport[0m { [33mMetricsBar[0m } [36mfrom[0m [32m"@/components/layout/MetricsBar"[0m;

Import map: aliased to relative './src/components/dashboard/ExecutivePrintView' inside of [project]/


Import trace:
  Server Component:
    ./src/components/layout/AppShell.tsx
    ./src/app/page.tsx

https://nextjs.org/docs/messages/module-not-found


⨯ ./src/components/layout/AppShell.tsx:4:1
Module not found: Can't resolve '@/components/dashboard/ExecutivePrintView'
  [90m2 |[0m
  [90m3 |[0m [36mimport[0m { [33mDashboardUrlSync[0m } [36mfrom[0m [32m"@/components/dashboard/DashboardUrlSync"[0m;
[31m[1m>[0m [90m4 |[0m [36mimport[0m { [33mExecutivePrintView[0m } [36mfrom[0m [32m"@/components/dashboard/ExecutivePrintView"[0m;
  [90m  |[0m [31m[1m^^^^^^^^^^^^^^^^^^^^^^^^^^^^^^^^^^^^^^^^^^^^^^^^^^^^^^^^^^^^^^^^^^^^^^^^^^^^^^^[0m
  [90m5 |[0m [36mimport[0m { [33mIntelligencePanel[0m } [36mfrom[0m [32m"@/components/dashboard/IntelligencePanel"[0m;
  [90m6 |[0m [36mimport[0m { [33mSceneViewContainer[0m } [36mfrom[0m [32m"@/components/gis/SceneViewContainer"[0m;
  [90m7 |[0m [36mimport[0m { [33mMetricsBar[0m } [36mfrom[0m [32m"@/components/layout/MetricsBar"[0m;

Import map: aliased to relative './src/components/dashboard/ExecutivePrintView' inside of [project]/


Import trace:
  Server Component:
    ./src/components/layout/AppShell.tsx
    ./src/app/page.tsx

https://nextjs.org/docs/messages/module-not-found


⨯ ./src/components/layout/AppShell.tsx:4:1
Module not found: Can't resolve '@/components/dashboard/ExecutivePrintView'
  [90m2 |[0m
  [90m3 |[0m [36mimport[0m { [33mDashboardUrlSync[0m } [36mfrom[0m [32m"@/components/dashboard/DashboardUrlSync"[0m;
[31m[1m>[0m [90m4 |[0m [36mimport[0m { [33mExecutivePrintView[0m } [36mfrom[0m [32m"@/components/dashboard/ExecutivePrintView"[0m;
  [90m  |[0m [31m[1m^^^^^^^^^^^^^^^^^^^^^^^^^^^^^^^^^^^^^^^^^^^^^^^^^^^^^^^^^^^^^^^^^^^^^^^^^^^^^^^[0m
  [90m5 |[0m [36mimport[0m { [33mIntelligencePanel[0m } [36mfrom[0m [32m"@/components/dashboard/IntelligencePanel"[0m;
  [90m6 |[0m [36mimport[0m { [33mSceneViewContainer[0m } [36mfrom[0m [32m"@/components/gis/SceneViewContainer"[0m;
  [90m7 |[0m [36mimport[0m { [33mMetricsBar[0m } [36mfrom[0m [32m"@/components/layout/MetricsBar"[0m;

Import map: aliased to relative './src/components/dashboard/ExecutivePrintView' inside of [project]/


Import trace:
  Server Component:
    ./src/components/layout/AppShell.tsx
    ./src/app/page.tsx

https://nextjs.org/docs/messages/module-not-found


⨯ ./src/components/layout/AppShell.tsx:4:1
Module not found: Can't resolve '@/components/dashboard/ExecutivePrintView'
  [90m2 |[0m
  [90m3 |[0m [36mimport[0m { [33mDashboardUrlSync[0m } [36mfrom[0m [32m"@/components/dashboard/DashboardUrlSync"[0m;
[31m[1m>[0m [90m4 |[0m [36mimport[0m { [33mExecutivePrintView[0m } [36mfrom[0m [32m"@/components/dashboard/ExecutivePrintView"[0m;
  [90m  |[0m [31m[1m^^^^^^^^^^^^^^^^^^^^^^^^^^^^^^^^^^^^^^^^^^^^^^^^^^^^^^^^^^^^^^^^^^^^^^^^^^^^^^^[0m
  [90m5 |[0m [36mimport[0m { [33mIntelligencePanel[0m } [36mfrom[0m [32m"@/components/dashboard/IntelligencePanel"[0m;
  [90m6 |[0m [36mimport[0m { [33mSceneViewContainer[0m } [36mfrom[0m [32m"@/components/gis/SceneViewContainer"[0m;
  [90m7 |[0m [36mimport[0m { [33mMetricsBar[0m } [36mfrom[0m [32m"@/components/layout/MetricsBar"[0m;

Import map: aliased to relative './src/components/dashboard/ExecutivePrintView' inside of [project]/


Import trace:
  Server Component:
    ./src/components/layout/AppShell.tsx
    ./src/app/page.tsx

https://nextjs.org/docs/messages/module-not-found


⨯ ./src/components/layout/AppShell.tsx:4:1
Module not found: Can't resolve '@/components/dashboard/ExecutivePrintView'
  [90m2 |[0m
  [90m3 |[0m [36mimport[0m { [33mDashboardUrlSync[0m } [36mfrom[0m [32m"@/components/dashboard/DashboardUrlSync"[0m;
[31m[1m>[0m [90m4 |[0m [36mimport[0m { [33mExecutivePrintView[0m } [36mfrom[0m [32m"@/components/dashboard/ExecutivePrintView"[0m;
  [90m  |[0m [31m[1m^^^^^^^^^^^^^^^^^^^^^^^^^^^^^^^^^^^^^^^^^^^^^^^^^^^^^^^^^^^^^^^^^^^^^^^^^^^^^^^[0m
  [90m5 |[0m [36mimport[0m { [33mIntelligencePanel[0m } [36mfrom[0m [32m"@/components/dashboard/IntelligencePanel"[0m;
  [90m6 |[0m [36mimport[0m { [33mSceneViewContainer[0m } [36mfrom[0m [32m"@/components/gis/SceneViewContainer"[0m;
  [90m7 |[0m [36mimport[0m { [33mMetricsBar[0m } [36mfrom[0m [32m"@/components/layout/MetricsBar"[0m;

Import map: aliased to relative './src/components/dashboard/ExecutivePrintView' inside of [project]/


Import trace:
  Server Component:
    ./src/components/layout/AppShell.tsx
    ./src/app/page.tsx

https://nextjs.org/docs/messages/module-not-found


⨯ ./src/components/layout/AppShell.tsx:4:1
Module not found: Can't resolve '@/components/dashboard/ExecutivePrintView'
  [90m2 |[0m
  [90m3 |[0m [36mimport[0m { [33mDashboardUrlSync[0m } [36mfrom[0m [32m"@/components/dashboard/DashboardUrlSync"[0m;
[31m[1m>[0m [90m4 |[0m [36mimport[0m { [33mExecutivePrintView[0m } [36mfrom[0m [32m"@/components/dashboard/ExecutivePrintView"[0m;
  [90m  |[0m [31m[1m^^^^^^^^^^^^^^^^^^^^^^^^^^^^^^^^^^^^^^^^^^^^^^^^^^^^^^^^^^^^^^^^^^^^^^^^^^^^^^^[0m
  [90m5 |[0m [36mimport[0m { [33mIntelligencePanel[0m } [36mfrom[0m [32m"@/components/dashboard/IntelligencePanel"[0m;
  [90m6 |[0m [36mimport[0m { [33mSceneViewContainer[0m } [36mfrom[0m [32m"@/components/gis/SceneViewContainer"[0m;
  [90m7 |[0m [36mimport[0m { [33mMetricsBar[0m } [36mfrom[0m [32m"@/components/layout/MetricsBar"[0m;

Import map: aliased to relative './src/components/dashboard/ExecutivePrintView' inside of [project]/


Import trace:
  Server Component:
    ./src/components/layout/AppShell.tsx
    ./src/app/page.tsx

https://nextjs.org/docs/messages/module-not-found


⨯ ./src/components/layout/AppShell.tsx:4:1
Module not found: Can't resolve '@/components/dashboard/ExecutivePrintView'
  [90m2 |[0m
  [90m3 |[0m [36mimport[0m { [33mDashboardUrlSync[0m } [36mfrom[0m [32m"@/components/dashboard/DashboardUrlSync"[0m;
[31m[1m>[0m [90m4 |[0m [36mimport[0m { [33mExecutivePrintView[0m } [36mfrom[0m [32m"@/components/dashboard/ExecutivePrintView"[0m;
  [90m  |[0m [31m[1m^^^^^^^^^^^^^^^^^^^^^^^^^^^^^^^^^^^^^^^^^^^^^^^^^^^^^^^^^^^^^^^^^^^^^^^^^^^^^^^[0m
  [90m5 |[0m [36mimport[0m { [33mIntelligencePanel[0m } [36mfrom[0m [32m"@/components/dashboard/IntelligencePanel"[0m;
  [90m6 |[0m [36mimport[0m { [33mSceneViewContainer[0m } [36mfrom[0m [32m"@/components/gis/SceneViewContainer"[0m;
  [90m7 |[0m [36mimport[0m { [33mMetricsBar[0m } [36mfrom[0m [32m"@/components/layout/MetricsBar"[0m;

Import map: aliased to relative './src/components/dashboard/ExecutivePrintView' inside of [project]/


Import trace:
  Server Component:
    ./src/components/layout/AppShell.tsx
    ./src/app/page.tsx

https://nextjs.org/docs/messages/module-not-found


⨯ ./src/components/layout/AppShell.tsx:4:1
Module not found: Can't resolve '@/components/dashboard/ExecutivePrintView'
  [90m2 |[0m
  [90m3 |[0m [36mimport[0m { [33mDashboardUrlSync[0m } [36mfrom[0m [32m"@/components/dashboard/DashboardUrlSync"[0m;
[31m[1m>[0m [90m4 |[0m [36mimport[0m { [33mExecutivePrintView[0m } [36mfrom[0m [32m"@/components/dashboard/ExecutivePrintView"[0m;
  [90m  |[0m [31m[1m^^^^^^^^^^^^^^^^^^^^^^^^^^^^^^^^^^^^^^^^^^^^^^^^^^^^^^^^^^^^^^^^^^^^^^^^^^^^^^^[0m
  [90m5 |[0m [36mimport[0m { [33mIntelligencePanel[0m } [36mfrom[0m [32m"@/components/dashboard/IntelligencePanel"[0m;
  [90m6 |[0m [36mimport[0m { [33mSceneViewContainer[0m } [36mfrom[0m [32m"@/components/gis/SceneViewContainer"[0m;
  [90m7 |[0m [36mimport[0m { [33mMetricsBar[0m } [36mfrom[0m [32m"@/components/layout/MetricsBar"[0m;

Import map: aliased to relative './src/components/dashboard/ExecutivePrintView' inside of [project]/


Import trace:
  Server Component:
    ./src/components/layout/AppShell.tsx
    ./src/app/page.tsx

https://nextjs.org/docs/messages/module-not-found


⨯ ./src/components/layout/AppShell.tsx:4:1
Module not found: Can't resolve '@/components/dashboard/ExecutivePrintView'
  [90m2 |[0m
  [90m3 |[0m [36mimport[0m { [33mDashboardUrlSync[0m } [36mfrom[0m [32m"@/components/dashboard/DashboardUrlSync"[0m;
[31m[1m>[0m [90m4 |[0m [36mimport[0m { [33mExecutivePrintView[0m } [36mfrom[0m [32m"@/components/dashboard/ExecutivePrintView"[0m;
  [90m  |[0m [31m[1m^^^^^^^^^^^^^^^^^^^^^^^^^^^^^^^^^^^^^^^^^^^^^^^^^^^^^^^^^^^^^^^^^^^^^^^^^^^^^^^[0m
  [90m5 |[0m [36mimport[0m { [33mIntelligencePanel[0m } [36mfrom[0m [32m"@/components/dashboard/IntelligencePanel"[0m;
  [90m6 |[0m [36mimport[0m { [33mSceneViewContainer[0m } [36mfrom[0m [32m"@/components/gis/SceneViewContainer"[0m;
  [90m7 |[0m [36mimport[0m { [33mMetricsBar[0m } [36mfrom[0m [32m"@/components/layout/MetricsBar"[0m;

Import map: aliased to relative './src/components/dashboard/ExecutivePrintView' inside of [project]/


Import trace:
  Server Component:
    ./src/components/layout/AppShell.tsx
    ./src/app/page.tsx

https://nextjs.org/docs/messages/module-not-found


⨯ ./src/components/layout/AppShell.tsx:4:1
Module not found: Can't resolve '@/components/dashboard/ExecutivePrintView'
  [90m2 |[0m
  [90m3 |[0m [36mimport[0m { [33mDashboardUrlSync[0m } [36mfrom[0m [32m"@/components/dashboard/DashboardUrlSync"[0m;
[31m[1m>[0m [90m4 |[0m [36mimport[0m { [33mExecutivePrintView[0m } [36mfrom[0m [32m"@/components/dashboard/ExecutivePrintView"[0m;
  [90m  |[0m [31m[1m^^^^^^^^^^^^^^^^^^^^^^^^^^^^^^^^^^^^^^^^^^^^^^^^^^^^^^^^^^^^^^^^^^^^^^^^^^^^^^^[0m
  [90m5 |[0m [36mimport[0m { [33mIntelligencePanel[0m } [36mfrom[0m [32m"@/components/dashboard/IntelligencePanel"[0m;
  [90m6 |[0m [36mimport[0m { [33mSceneViewContainer[0m } [36mfrom[0m [32m"@/components/gis/SceneViewContainer"[0m;
  [90m7 |[0m [36mimport[0m { [33mMetricsBar[0m } [36mfrom[0m [32m"@/components/layout/MetricsBar"[0m;

Import map: aliased to relative './src/components/dashboard/ExecutivePrintView' inside of [project]/


Import trace:
  Server Component:
    ./src/components/layout/AppShell.tsx
    ./src/app/page.tsx

https://nextjs.org/docs/messages/module-not-found


⨯ ./src/components/layout/AppShell.tsx:4:1
Module not found: Can't resolve '@/components/dashboard/ExecutivePrintView'
  [90m2 |[0m
  [90m3 |[0m [36mimport[0m { [33mDashboardUrlSync[0m } [36mfrom[0m [32m"@/components/dashboard/DashboardUrlSync"[0m;
[31m[1m>[0m [90m4 |[0m [36mimport[0m { [33mExecutivePrintView[0m } [36mfrom[0m [32m"@/components/dashboard/ExecutivePrintView"[0m;
  [90m  |[0m [31m[1m^^^^^^^^^^^^^^^^^^^^^^^^^^^^^^^^^^^^^^^^^^^^^^^^^^^^^^^^^^^^^^^^^^^^^^^^^^^^^^^[0m
  [90m5 |[0m [36mimport[0m { [33mIntelligencePanel[0m } [36mfrom[0m [32m"@/components/dashboard/IntelligencePanel"[0m;
  [90m6 |[0m [36mimport[0m { [33mSceneViewContainer[0m } [36mfrom[0m [32m"@/components/gis/SceneViewContainer"[0m;
  [90m7 |[0m [36mimport[0m { [33mMetricsBar[0m } [36mfrom[0m [32m"@/components/layout/MetricsBar"[0m;

Import map: aliased to relative './src/components/dashboard/ExecutivePrintView' inside of [project]/


Import trace:
  Server Component:
    ./src/components/layout/AppShell.tsx
    ./src/app/page.tsx

https://nextjs.org/docs/messages/module-not-found


⨯ ./src/components/layout/AppShell.tsx:4:1
Module not found: Can't resolve '@/components/dashboard/ExecutivePrintView'
  [90m2 |[0m
  [90m3 |[0m [36mimport[0m { [33mDashboardUrlSync[0m } [36mfrom[0m [32m"@/components/dashboard/DashboardUrlSync"[0m;
[31m[1m>[0m [90m4 |[0m [36mimport[0m { [33mExecutivePrintView[0m } [36mfrom[0m [32m"@/components/dashboard/ExecutivePrintView"[0m;
  [90m  |[0m [31m[1m^^^^^^^^^^^^^^^^^^^^^^^^^^^^^^^^^^^^^^^^^^^^^^^^^^^^^^^^^^^^^^^^^^^^^^^^^^^^^^^[0m
  [90m5 |[0m [36mimport[0m { [33mIntelligencePanel[0m } [36mfrom[0m [32m"@/components/dashboard/IntelligencePanel"[0m;
  [90m6 |[0m [36mimport[0m { [33mSceneViewContainer[0m } [36mfrom[0m [32m"@/components/gis/SceneViewContainer"[0m;
  [90m7 |[0m [36mimport[0m { [33mMetricsBar[0m } [36mfrom[0m [32m"@/components/layout/MetricsBar"[0m;

Import map: aliased to relative './src/components/dashboard/ExecutivePrintView' inside of [project]/


Import trace:
  Server Component:
    ./src/components/layout/AppShell.tsx
    ./src/app/page.tsx

https://nextjs.org/docs/messages/module-not-found


⨯ ./src/components/layout/AppShell.tsx:4:1
Module not found: Can't resolve '@/components/dashboard/ExecutivePrintView'
  [90m2 |[0m
  [90m3 |[0m [36mimport[0m { [33mDashboardUrlSync[0m } [36mfrom[0m [32m"@/components/dashboard/DashboardUrlSync"[0m;
[31m[1m>[0m [90m4 |[0m [36mimport[0m { [33mExecutivePrintView[0m } [36mfrom[0m [32m"@/components/dashboard/ExecutivePrintView"[0m;
  [90m  |[0m [31m[1m^^^^^^^^^^^^^^^^^^^^^^^^^^^^^^^^^^^^^^^^^^^^^^^^^^^^^^^^^^^^^^^^^^^^^^^^^^^^^^^[0m
  [90m5 |[0m [36mimport[0m { [33mIntelligencePanel[0m } [36mfrom[0m [32m"@/components/dashboard/IntelligencePanel"[0m;
  [90m6 |[0m [36mimport[0m { [33mSceneViewContainer[0m } [36mfrom[0m [32m"@/components/gis/SceneViewContainer"[0m;
  [90m7 |[0m [36mimport[0m { [33mMetricsBar[0m } [36mfrom[0m [32m"@/components/layout/MetricsBar"[0m;

Import map: aliased to relative './src/components/dashboard/ExecutivePrintView' inside of [project]/


Import trace:
  Server Component:
    ./src/components/layout/AppShell.tsx
    ./src/app/page.tsx

https://nextjs.org/docs/messages/module-not-found


⨯ ./src/components/layout/AppShell.tsx:4:1
Module not found: Can't resolve '@/components/dashboard/ExecutivePrintView'
  [90m2 |[0m
  [90m3 |[0m [36mimport[0m { [33mDashboardUrlSync[0m } [36mfrom[0m [32m"@/components/dashboard/DashboardUrlSync"[0m;
[31m[1m>[0m [90m4 |[0m [36mimport[0m { [33mExecutivePrintView[0m } [36mfrom[0m [32m"@/components/dashboard/ExecutivePrintView"[0m;
  [90m  |[0m [31m[1m^^^^^^^^^^^^^^^^^^^^^^^^^^^^^^^^^^^^^^^^^^^^^^^^^^^^^^^^^^^^^^^^^^^^^^^^^^^^^^^[0m
  [90m5 |[0m [36mimport[0m { [33mIntelligencePanel[0m } [36mfrom[0m [32m"@/components/dashboard/IntelligencePanel"[0m;
  [90m6 |[0m [36mimport[0m { [33mSceneViewContainer[0m } [36mfrom[0m [32m"@/components/gis/SceneViewContainer"[0m;
  [90m7 |[0m [36mimport[0m { [33mMetricsBar[0m } [36mfrom[0m [32m"@/components/layout/MetricsBar"[0m;

Import map: aliased to relative './src/components/dashboard/ExecutivePrintView' inside of [project]/


Import trace:
  Server Component:
    ./src/components/layout/AppShell.tsx
    ./src/app/page.tsx

https://nextjs.org/docs/messages/module-not-found


⨯ ./src/components/layout/AppShell.tsx:4:1
Module not found: Can't resolve '@/components/dashboard/ExecutivePrintView'
  [90m2 |[0m
  [90m3 |[0m [36mimport[0m { [33mDashboardUrlSync[0m } [36mfrom[0m [32m"@/components/dashboard/DashboardUrlSync"[0m;
[31m[1m>[0m [90m4 |[0m [36mimport[0m { [33mExecutivePrintView[0m } [36mfrom[0m [32m"@/components/dashboard/ExecutivePrintView"[0m;
  [90m  |[0m [31m[1m^^^^^^^^^^^^^^^^^^^^^^^^^^^^^^^^^^^^^^^^^^^^^^^^^^^^^^^^^^^^^^^^^^^^^^^^^^^^^^^[0m
  [90m5 |[0m [36mimport[0m { [33mIntelligencePanel[0m } [36mfrom[0m [32m"@/components/dashboard/IntelligencePanel"[0m;
  [90m6 |[0m [36mimport[0m { [33mSceneViewContainer[0m } [36mfrom[0m [32m"@/components/gis/SceneViewContainer"[0m;
  [90m7 |[0m [36mimport[0m { [33mMetricsBar[0m } [36mfrom[0m [32m"@/components/layout/MetricsBar"[0m;

Import map: aliased to relative './src/components/dashboard/ExecutivePrintView' inside of [project]/


Import trace:
  Server Component:
    ./src/components/layout/AppShell.tsx
    ./src/app/page.tsx

https://nextjs.org/docs/messages/module-not-found


⨯ ./src/components/layout/AppShell.tsx:4:1
Module not found: Can't resolve '@/components/dashboard/ExecutivePrintView'
  [90m2 |[0m
  [90m3 |[0m [36mimport[0m { [33mDashboardUrlSync[0m } [36mfrom[0m [32m"@/components/dashboard/DashboardUrlSync"[0m;
[31m[1m>[0m [90m4 |[0m [36mimport[0m { [33mExecutivePrintView[0m } [36mfrom[0m [32m"@/components/dashboard/ExecutivePrintView"[0m;
  [90m  |[0m [31m[1m^^^^^^^^^^^^^^^^^^^^^^^^^^^^^^^^^^^^^^^^^^^^^^^^^^^^^^^^^^^^^^^^^^^^^^^^^^^^^^^[0m
  [90m5 |[0m [36mimport[0m { [33mIntelligencePanel[0m } [36mfrom[0m [32m"@/components/dashboard/IntelligencePanel"[0m;
  [90m6 |[0m [36mimport[0m { [33mSceneViewContainer[0m } [36mfrom[0m [32m"@/components/gis/SceneViewContainer"[0m;
  [90m7 |[0m [36mimport[0m { [33mMetricsBar[0m } [36mfrom[0m [32m"@/components/layout/MetricsBar"[0m;

Import map: aliased to relative './src/components/dashboard/ExecutivePrintView' inside of [project]/


Import trace:
  Server Component:
    ./src/components/layout/AppShell.tsx
    ./src/app/page.tsx

https://nextjs.org/docs/messages/module-not-found


⨯ ./src/components/layout/AppShell.tsx:4:1
Module not found: Can't resolve '@/components/dashboard/ExecutivePrintView'
  [90m2 |[0m
  [90m3 |[0m [36mimport[0m { [33mDashboardUrlSync[0m } [36mfrom[0m [32m"@/components/dashboard/DashboardUrlSync"[0m;
[31m[1m>[0m [90m4 |[0m [36mimport[0m { [33mExecutivePrintView[0m } [36mfrom[0m [32m"@/components/dashboard/ExecutivePrintView"[0m;
  [90m  |[0m [31m[1m^^^^^^^^^^^^^^^^^^^^^^^^^^^^^^^^^^^^^^^^^^^^^^^^^^^^^^^^^^^^^^^^^^^^^^^^^^^^^^^[0m
  [90m5 |[0m [36mimport[0m { [33mIntelligencePanel[0m } [36mfrom[0m [32m"@/components/dashboard/IntelligencePanel"[0m;
  [90m6 |[0m [36mimport[0m { [33mSceneViewContainer[0m } [36mfrom[0m [32m"@/components/gis/SceneViewContainer"[0m;
  [90m7 |[0m [36mimport[0m { [33mMetricsBar[0m } [36mfrom[0m [32m"@/components/layout/MetricsBar"[0m;

Import map: aliased to relative './src/components/dashboard/ExecutivePrintView' inside of [project]/


Import trace:
  Server Component:
    ./src/components/layout/AppShell.tsx
    ./src/app/page.tsx

https://nextjs.org/docs/messages/module-not-found


⨯ ./src/components/layout/AppShell.tsx:4:1
Module not found: Can't resolve '@/components/dashboard/ExecutivePrintView'
  [90m2 |[0m
  [90m3 |[0m [36mimport[0m { [33mDashboardUrlSync[0m } [36mfrom[0m [32m"@/components/dashboard/DashboardUrlSync"[0m;
[31m[1m>[0m [90m4 |[0m [36mimport[0m { [33mExecutivePrintView[0m } [36mfrom[0m [32m"@/components/dashboard/ExecutivePrintView"[0m;
  [90m  |[0m [31m[1m^^^^^^^^^^^^^^^^^^^^^^^^^^^^^^^^^^^^^^^^^^^^^^^^^^^^^^^^^^^^^^^^^^^^^^^^^^^^^^^[0m
  [90m5 |[0m [36mimport[0m { [33mIntelligencePanel[0m } [36mfrom[0m [32m"@/components/dashboard/IntelligencePanel"[0m;
  [90m6 |[0m [36mimport[0m { [33mSceneViewContainer[0m } [36mfrom[0m [32m"@/components/gis/SceneViewContainer"[0m;
  [90m7 |[0m [36mimport[0m { [33mMetricsBar[0m } [36mfrom[0m [32m"@/components/layout/MetricsBar"[0m;

Import map: aliased to relative './src/components/dashboard/ExecutivePrintView' inside of [project]/


Import trace:
  Server Component:
    ./src/components/layout/AppShell.tsx
    ./src/app/page.tsx

https://nextjs.org/docs/messages/module-not-found


⨯ ./src/components/layout/AppShell.tsx:4:1
Module not found: Can't resolve '@/components/dashboard/ExecutivePrintView'
  [90m2 |[0m
  [90m3 |[0m [36mimport[0m { [33mDashboardUrlSync[0m } [36mfrom[0m [32m"@/components/dashboard/DashboardUrlSync"[0m;
[31m[1m>[0m [90m4 |[0m [36mimport[0m { [33mExecutivePrintView[0m } [36mfrom[0m [32m"@/components/dashboard/ExecutivePrintView"[0m;
  [90m  |[0m [31m[1m^^^^^^^^^^^^^^^^^^^^^^^^^^^^^^^^^^^^^^^^^^^^^^^^^^^^^^^^^^^^^^^^^^^^^^^^^^^^^^^[0m
  [90m5 |[0m [36mimport[0m { [33mIntelligencePanel[0m } [36mfrom[0m [32m"@/components/dashboard/IntelligencePanel"[0m;
  [90m6 |[0m [36mimport[0m { [33mSceneViewContainer[0m } [36mfrom[0m [32m"@/components/gis/SceneViewContainer"[0m;
  [90m7 |[0m [36mimport[0m { [33mMetricsBar[0m } [36mfrom[0m [32m"@/components/layout/MetricsBar"[0m;

Import map: aliased to relative './src/components/dashboard/ExecutivePrintView' inside of [project]/


Import trace:
  Server Component:
    ./src/components/layout/AppShell.tsx
    ./src/app/page.tsx

https://nextjs.org/docs/messages/module-not-found


⨯ ./src/components/layout/AppShell.tsx:4:1
Module not found: Can't resolve '@/components/dashboard/ExecutivePrintView'
  [90m2 |[0m
  [90m3 |[0m [36mimport[0m { [33mDashboardUrlSync[0m } [36mfrom[0m [32m"@/components/dashboard/DashboardUrlSync"[0m;
[31m[1m>[0m [90m4 |[0m [36mimport[0m { [33mExecutivePrintView[0m } [36mfrom[0m [32m"@/components/dashboard/ExecutivePrintView"[0m;
  [90m  |[0m [31m[1m^^^^^^^^^^^^^^^^^^^^^^^^^^^^^^^^^^^^^^^^^^^^^^^^^^^^^^^^^^^^^^^^^^^^^^^^^^^^^^^[0m
  [90m5 |[0m [36mimport[0m { [33mIntelligencePanel[0m } [36mfrom[0m [32m"@/components/dashboard/IntelligencePanel"[0m;
  [90m6 |[0m [36mimport[0m { [33mSceneViewContainer[0m } [36mfrom[0m [32m"@/components/gis/SceneViewContainer"[0m;
  [90m7 |[0m [36mimport[0m { [33mMetricsBar[0m } [36mfrom[0m [32m"@/components/layout/MetricsBar"[0m;

Import map: aliased to relative './src/components/dashboard/ExecutivePrintView' inside of [project]/


Import trace:
  Server Component:
    ./src/components/layout/AppShell.tsx
    ./src/app/page.tsx

https://nextjs.org/docs/messages/module-not-found


⨯ ./src/components/layout/AppShell.tsx:4:1
Module not found: Can't resolve '@/components/dashboard/ExecutivePrintView'
  [90m2 |[0m
  [90m3 |[0m [36mimport[0m { [33mDashboardUrlSync[0m } [36mfrom[0m [32m"@/components/dashboard/DashboardUrlSync"[0m;
[31m[1m>[0m [90m4 |[0m [36mimport[0m { [33mExecutivePrintView[0m } [36mfrom[0m [32m"@/components/dashboard/ExecutivePrintView"[0m;
  [90m  |[0m [31m[1m^^^^^^^^^^^^^^^^^^^^^^^^^^^^^^^^^^^^^^^^^^^^^^^^^^^^^^^^^^^^^^^^^^^^^^^^^^^^^^^[0m
  [90m5 |[0m [36mimport[0m { [33mIntelligencePanel[0m } [36mfrom[0m [32m"@/components/dashboard/IntelligencePanel"[0m;
  [90m6 |[0m [36mimport[0m { [33mSceneViewContainer[0m } [36mfrom[0m [32m"@/components/gis/SceneViewContainer"[0m;
  [90m7 |[0m [36mimport[0m { [33mMetricsBar[0m } [36mfrom[0m [32m"@/components/layout/MetricsBar"[0m;

Import map: aliased to relative './src/components/dashboard/ExecutivePrintView' inside of [project]/


Import trace:
  Server Component:
    ./src/components/layout/AppShell.tsx
    ./src/app/page.tsx

https://nextjs.org/docs/messages/module-not-found


⨯ ./src/components/layout/AppShell.tsx:4:1
Module not found: Can't resolve '@/components/dashboard/ExecutivePrintView'
  [90m2 |[0m
  [90m3 |[0m [36mimport[0m { [33mDashboardUrlSync[0m } [36mfrom[0m [32m"@/components/dashboard/DashboardUrlSync"[0m;
[31m[1m>[0m [90m4 |[0m [36mimport[0m { [33mExecutivePrintView[0m } [36mfrom[0m [32m"@/components/dashboard/ExecutivePrintView"[0m;
  [90m  |[0m [31m[1m^^^^^^^^^^^^^^^^^^^^^^^^^^^^^^^^^^^^^^^^^^^^^^^^^^^^^^^^^^^^^^^^^^^^^^^^^^^^^^^[0m
  [90m5 |[0m [36mimport[0m { [33mIntelligencePanel[0m } [36mfrom[0m [32m"@/components/dashboard/IntelligencePanel"[0m;
  [90m6 |[0m [36mimport[0m { [33mSceneViewContainer[0m } [36mfrom[0m [32m"@/components/gis/SceneViewContainer"[0m;
  [90m7 |[0m [36mimport[0m { [33mMetricsBar[0m } [36mfrom[0m [32m"@/components/layout/MetricsBar"[0m;

Import map: aliased to relative './src/components/dashboard/ExecutivePrintView' inside of [project]/


Import trace:
  Server Component:
    ./src/components/layout/AppShell.tsx
    ./src/app/page.tsx

https://nextjs.org/docs/messages/module-not-found


⨯ ./src/components/layout/AppShell.tsx:4:1
Module not found: Can't resolve '@/components/dashboard/ExecutivePrintView'
  [90m2 |[0m
  [90m3 |[0m [36mimport[0m { [33mDashboardUrlSync[0m } [36mfrom[0m [32m"@/components/dashboard/DashboardUrlSync"[0m;
[31m[1m>[0m [90m4 |[0m [36mimport[0m { [33mExecutivePrintView[0m } [36mfrom[0m [32m"@/components/dashboard/ExecutivePrintView"[0m;
  [90m  |[0m [31m[1m^^^^^^^^^^^^^^^^^^^^^^^^^^^^^^^^^^^^^^^^^^^^^^^^^^^^^^^^^^^^^^^^^^^^^^^^^^^^^^^[0m
  [90m5 |[0m [36mimport[0m { [33mIntelligencePanel[0m } [36mfrom[0m [32m"@/components/dashboard/IntelligencePanel"[0m;
  [90m6 |[0m [36mimport[0m { [33mSceneViewContainer[0m } [36mfrom[0m [32m"@/components/gis/SceneViewContainer"[0m;
  [90m7 |[0m [36mimport[0m { [33mMetricsBar[0m } [36mfrom[0m [32m"@/components/layout/MetricsBar"[0m;

Import map: aliased to relative './src/components/dashboard/ExecutivePrintView' inside of [project]/


Import trace:
  Server Component:
    ./src/components/layout/AppShell.tsx
    ./src/app/page.tsx

https://nextjs.org/docs/messages/module-not-found


⨯ ./src/components/layout/AppShell.tsx:4:1
Module not found: Can't resolve '@/components/dashboard/ExecutivePrintView'
  [90m2 |[0m
  [90m3 |[0m [36mimport[0m { [33mDashboardUrlSync[0m } [36mfrom[0m [32m"@/components/dashboard/DashboardUrlSync"[0m;
[31m[1m>[0m [90m4 |[0m [36mimport[0m { [33mExecutivePrintView[0m } [36mfrom[0m [32m"@/components/dashboard/ExecutivePrintView"[0m;
  [90m  |[0m [31m[1m^^^^^^^^^^^^^^^^^^^^^^^^^^^^^^^^^^^^^^^^^^^^^^^^^^^^^^^^^^^^^^^^^^^^^^^^^^^^^^^[0m
  [90m5 |[0m [36mimport[0m { [33mIntelligencePanel[0m } [36mfrom[0m [32m"@/components/dashboard/IntelligencePanel"[0m;
  [90m6 |[0m [36mimport[0m { [33mSceneViewContainer[0m } [36mfrom[0m [32m"@/components/gis/SceneViewContainer"[0m;
  [90m7 |[0m [36mimport[0m { [33mMetricsBar[0m } [36mfrom[0m [32m"@/components/layout/MetricsBar"[0m;

Import map: aliased to relative './src/components/dashboard/ExecutivePrintView' inside of [project]/


Import trace:
  Server Component:
    ./src/components/layout/AppShell.tsx
    ./src/app/page.tsx

https://nextjs.org/docs/messages/module-not-found


⨯ ./src/components/layout/AppShell.tsx:4:1
Module not found: Can't resolve '@/components/dashboard/ExecutivePrintView'
  [90m2 |[0m
  [90m3 |[0m [36mimport[0m { [33mDashboardUrlSync[0m } [36mfrom[0m [32m"@/components/dashboard/DashboardUrlSync"[0m;
[31m[1m>[0m [90m4 |[0m [36mimport[0m { [33mExecutivePrintView[0m } [36mfrom[0m [32m"@/components/dashboard/ExecutivePrintView"[0m;
  [90m  |[0m [31m[1m^^^^^^^^^^^^^^^^^^^^^^^^^^^^^^^^^^^^^^^^^^^^^^^^^^^^^^^^^^^^^^^^^^^^^^^^^^^^^^^[0m
  [90m5 |[0m [36mimport[0m { [33mIntelligencePanel[0m } [36mfrom[0m [32m"@/components/dashboard/IntelligencePanel"[0m;
  [90m6 |[0m [36mimport[0m { [33mSceneViewContainer[0m } [36mfrom[0m [32m"@/components/gis/SceneViewContainer"[0m;
  [90m7 |[0m [36mimport[0m { [33mMetricsBar[0m } [36mfrom[0m [32m"@/components/layout/MetricsBar"[0m;

Import map: aliased to relative './src/components/dashboard/ExecutivePrintView' inside of [project]/


Import trace:
  Server Component:
    ./src/components/layout/AppShell.tsx
    ./src/app/page.tsx

https://nextjs.org/docs/messages/module-not-found


⨯ ./src/components/layout/AppShell.tsx:4:1
Module not found: Can't resolve '@/components/dashboard/ExecutivePrintView'
  [90m2 |[0m
  [90m3 |[0m [36mimport[0m { [33mDashboardUrlSync[0m } [36mfrom[0m [32m"@/components/dashboard/DashboardUrlSync"[0m;
[31m[1m>[0m [90m4 |[0m [36mimport[0m { [33mExecutivePrintView[0m } [36mfrom[0m [32m"@/components/dashboard/ExecutivePrintView"[0m;
  [90m  |[0m [31m[1m^^^^^^^^^^^^^^^^^^^^^^^^^^^^^^^^^^^^^^^^^^^^^^^^^^^^^^^^^^^^^^^^^^^^^^^^^^^^^^^[0m
  [90m5 |[0m [36mimport[0m { [33mIntelligencePanel[0m } [36mfrom[0m [32m"@/components/dashboard/IntelligencePanel"[0m;
  [90m6 |[0m [36mimport[0m { [33mSceneViewContainer[0m } [36mfrom[0m [32m"@/components/gis/SceneViewContainer"[0m;
  [90m7 |[0m [36mimport[0m { [33mMetricsBar[0m } [36mfrom[0m [32m"@/components/layout/MetricsBar"[0m;

Import map: aliased to relative './src/components/dashboard/ExecutivePrintView' inside of [project]/


Import trace:
  Server Component:
    ./src/components/layout/AppShell.tsx
    ./src/app/page.tsx

https://nextjs.org/docs/messages/module-not-found


⨯ ./src/components/layout/AppShell.tsx:4:1
Module not found: Can't resolve '@/components/dashboard/ExecutivePrintView'
  [90m2 |[0m
  [90m3 |[0m [36mimport[0m { [33mDashboardUrlSync[0m } [36mfrom[0m [32m"@/components/dashboard/DashboardUrlSync"[0m;
[31m[1m>[0m [90m4 |[0m [36mimport[0m { [33mExecutivePrintView[0m } [36mfrom[0m [32m"@/components/dashboard/ExecutivePrintView"[0m;
  [90m  |[0m [31m[1m^^^^^^^^^^^^^^^^^^^^^^^^^^^^^^^^^^^^^^^^^^^^^^^^^^^^^^^^^^^^^^^^^^^^^^^^^^^^^^^[0m
  [90m5 |[0m [36mimport[0m { [33mIntelligencePanel[0m } [36mfrom[0m [32m"@/components/dashboard/IntelligencePanel"[0m;
  [90m6 |[0m [36mimport[0m { [33mSceneViewContainer[0m } [36mfrom[0m [32m"@/components/gis/SceneViewContainer"[0m;
  [90m7 |[0m [36mimport[0m { [33mMetricsBar[0m } [36mfrom[0m [32m"@/components/layout/MetricsBar"[0m;

Import map: aliased to relative './src/components/dashboard/ExecutivePrintView' inside of [project]/


Import trace:
  Server Component:
    ./src/components/layout/AppShell.tsx
    ./src/app/page.tsx

https://nextjs.org/docs/messages/module-not-found


⨯ ./src/components/layout/AppShell.tsx:4:1
Module not found: Can't resolve '@/components/dashboard/ExecutivePrintView'
  [90m2 |[0m
  [90m3 |[0m [36mimport[0m { [33mDashboardUrlSync[0m } [36mfrom[0m [32m"@/components/dashboard/DashboardUrlSync"[0m;
[31m[1m>[0m [90m4 |[0m [36mimport[0m { [33mExecutivePrintView[0m } [36mfrom[0m [32m"@/components/dashboard/ExecutivePrintView"[0m;
  [90m  |[0m [31m[1m^^^^^^^^^^^^^^^^^^^^^^^^^^^^^^^^^^^^^^^^^^^^^^^^^^^^^^^^^^^^^^^^^^^^^^^^^^^^^^^[0m
  [90m5 |[0m [36mimport[0m { [33mIntelligencePanel[0m } [36mfrom[0m [32m"@/components/dashboard/IntelligencePanel"[0m;
  [90m6 |[0m [36mimport[0m { [33mSceneViewContainer[0m } [36mfrom[0m [32m"@/components/gis/SceneViewContainer"[0m;
  [90m7 |[0m [36mimport[0m { [33mMetricsBar[0m } [36mfrom[0m [32m"@/components/layout/MetricsBar"[0m;

Import map: aliased to relative './src/components/dashboard/ExecutivePrintView' inside of [project]/


Import trace:
  Server Component:
    ./src/components/layout/AppShell.tsx
    ./src/app/page.tsx

https://nextjs.org/docs/messages/module-not-found


⨯ ./src/components/layout/AppShell.tsx:4:1
Module not found: Can't resolve '@/components/dashboard/ExecutivePrintView'
  [90m2 |[0m
  [90m3 |[0m [36mimport[0m { [33mDashboardUrlSync[0m } [36mfrom[0m [32m"@/components/dashboard/DashboardUrlSync"[0m;
[31m[1m>[0m [90m4 |[0m [36mimport[0m { [33mExecutivePrintView[0m } [36mfrom[0m [32m"@/components/dashboard/ExecutivePrintView"[0m;
  [90m  |[0m [31m[1m^^^^^^^^^^^^^^^^^^^^^^^^^^^^^^^^^^^^^^^^^^^^^^^^^^^^^^^^^^^^^^^^^^^^^^^^^^^^^^^[0m
  [90m5 |[0m [36mimport[0m { [33mIntelligencePanel[0m } [36mfrom[0m [32m"@/components/dashboard/IntelligencePanel"[0m;
  [90m6 |[0m [36mimport[0m { [33mSceneViewContainer[0m } [36mfrom[0m [32m"@/components/gis/SceneViewContainer"[0m;
  [90m7 |[0m [36mimport[0m { [33mMetricsBar[0m } [36mfrom[0m [32m"@/components/layout/MetricsBar"[0m;

Import map: aliased to relative './src/components/dashboard/ExecutivePrintView' inside of [project]/


Import trace:
  Server Component:
    ./src/components/layout/AppShell.tsx
    ./src/app/page.tsx

https://nextjs.org/docs/messages/module-not-found


⨯ ./src/components/layout/AppShell.tsx:4:1
Module not found: Can't resolve '@/components/dashboard/ExecutivePrintView'
  [90m2 |[0m
  [90m3 |[0m [36mimport[0m { [33mDashboardUrlSync[0m } [36mfrom[0m [32m"@/components/dashboard/DashboardUrlSync"[0m;
[31m[1m>[0m [90m4 |[0m [36mimport[0m { [33mExecutivePrintView[0m } [36mfrom[0m [32m"@/components/dashboard/ExecutivePrintView"[0m;
  [90m  |[0m [31m[1m^^^^^^^^^^^^^^^^^^^^^^^^^^^^^^^^^^^^^^^^^^^^^^^^^^^^^^^^^^^^^^^^^^^^^^^^^^^^^^^[0m
  [90m5 |[0m [36mimport[0m { [33mIntelligencePanel[0m } [36mfrom[0m [32m"@/components/dashboard/IntelligencePanel"[0m;
  [90m6 |[0m [36mimport[0m { [33mSceneViewContainer[0m } [36mfrom[0m [32m"@/components/gis/SceneViewContainer"[0m;
  [90m7 |[0m [36mimport[0m { [33mMetricsBar[0m } [36mfrom[0m [32m"@/components/layout/MetricsBar"[0m;

Import map: aliased to relative './src/components/dashboard/ExecutivePrintView' inside of [project]/


Import trace:
  Server Component:
    ./src/components/layout/AppShell.tsx
    ./src/app/page.tsx

https://nextjs.org/docs/messages/module-not-found


⨯ ./src/components/layout/AppShell.tsx:4:1
Module not found: Can't resolve '@/components/dashboard/ExecutivePrintView'
  [90m2 |[0m
  [90m3 |[0m [36mimport[0m { [33mDashboardUrlSync[0m } [36mfrom[0m [32m"@/components/dashboard/DashboardUrlSync"[0m;
[31m[1m>[0m [90m4 |[0m [36mimport[0m { [33mExecutivePrintView[0m } [36mfrom[0m [32m"@/components/dashboard/ExecutivePrintView"[0m;
  [90m  |[0m [31m[1m^^^^^^^^^^^^^^^^^^^^^^^^^^^^^^^^^^^^^^^^^^^^^^^^^^^^^^^^^^^^^^^^^^^^^^^^^^^^^^^[0m
  [90m5 |[0m [36mimport[0m { [33mIntelligencePanel[0m } [36mfrom[0m [32m"@/components/dashboard/IntelligencePanel"[0m;
  [90m6 |[0m [36mimport[0m { [33mSceneViewContainer[0m } [36mfrom[0m [32m"@/components/gis/SceneViewContainer"[0m;
  [90m7 |[0m [36mimport[0m { [33mMetricsBar[0m } [36mfrom[0m [32m"@/components/layout/MetricsBar"[0m;

Import map: aliased to relative './src/components/dashboard/ExecutivePrintView' inside of [project]/


Import trace:
  Server Component:
    ./src/components/layout/AppShell.tsx
    ./src/app/page.tsx

https://nextjs.org/docs/messages/module-not-found


⨯ ./src/components/layout/AppShell.tsx:4:1
Module not found: Can't resolve '@/components/dashboard/ExecutivePrintView'
  [90m2 |[0m
  [90m3 |[0m [36mimport[0m { [33mDashboardUrlSync[0m } [36mfrom[0m [32m"@/components/dashboard/DashboardUrlSync"[0m;
[31m[1m>[0m [90m4 |[0m [36mimport[0m { [33mExecutivePrintView[0m } [36mfrom[0m [32m"@/components/dashboard/ExecutivePrintView"[0m;
  [90m  |[0m [31m[1m^^^^^^^^^^^^^^^^^^^^^^^^^^^^^^^^^^^^^^^^^^^^^^^^^^^^^^^^^^^^^^^^^^^^^^^^^^^^^^^[0m
  [90m5 |[0m [36mimport[0m { [33mIntelligencePanel[0m } [36mfrom[0m [32m"@/components/dashboard/IntelligencePanel"[0m;
  [90m6 |[0m [36mimport[0m { [33mSceneViewContainer[0m } [36mfrom[0m [32m"@/components/gis/SceneViewContainer"[0m;
  [90m7 |[0m [36mimport[0m { [33mMetricsBar[0m } [36mfrom[0m [32m"@/components/layout/MetricsBar"[0m;

Import map: aliased to relative './src/components/dashboard/ExecutivePrintView' inside of [project]/


Import trace:
  Server Component:
    ./src/components/layout/AppShell.tsx
    ./src/app/page.tsx

https://nextjs.org/docs/messages/module-not-found


⨯ ./src/components/layout/AppShell.tsx:4:1
Module not found: Can't resolve '@/components/dashboard/ExecutivePrintView'
  [90m2 |[0m
  [90m3 |[0m [36mimport[0m { [33mDashboardUrlSync[0m } [36mfrom[0m [32m"@/components/dashboard/DashboardUrlSync"[0m;
[31m[1m>[0m [90m4 |[0m [36mimport[0m { [33mExecutivePrintView[0m } [36mfrom[0m [32m"@/components/dashboard/ExecutivePrintView"[0m;
  [90m  |[0m [31m[1m^^^^^^^^^^^^^^^^^^^^^^^^^^^^^^^^^^^^^^^^^^^^^^^^^^^^^^^^^^^^^^^^^^^^^^^^^^^^^^^[0m
  [90m5 |[0m [36mimport[0m { [33mIntelligencePanel[0m } [36mfrom[0m [32m"@/components/dashboard/IntelligencePanel"[0m;
  [90m6 |[0m [36mimport[0m { [33mSceneViewContainer[0m } [36mfrom[0m [32m"@/components/gis/SceneViewContainer"[0m;
  [90m7 |[0m [36mimport[0m { [33mMetricsBar[0m } [36mfrom[0m [32m"@/components/layout/MetricsBar"[0m;

Import map: aliased to relative './src/components/dashboard/ExecutivePrintView' inside of [project]/


Import trace:
  Server Component:
    ./src/components/layout/AppShell.tsx
    ./src/app/page.tsx

https://nextjs.org/docs/messages/module-not-found


⨯ ./src/components/layout/AppShell.tsx:4:1
Module not found: Can't resolve '@/components/dashboard/ExecutivePrintView'
  [90m2 |[0m
  [90m3 |[0m [36mimport[0m { [33mDashboardUrlSync[0m } [36mfrom[0m [32m"@/components/dashboard/DashboardUrlSync"[0m;
[31m[1m>[0m [90m4 |[0m [36mimport[0m { [33mExecutivePrintView[0m } [36mfrom[0m [32m"@/components/dashboard/ExecutivePrintView"[0m;
  [90m  |[0m [31m[1m^^^^^^^^^^^^^^^^^^^^^^^^^^^^^^^^^^^^^^^^^^^^^^^^^^^^^^^^^^^^^^^^^^^^^^^^^^^^^^^[0m
  [90m5 |[0m [36mimport[0m { [33mIntelligencePanel[0m } [36mfrom[0m [32m"@/components/dashboard/IntelligencePanel"[0m;
  [90m6 |[0m [36mimport[0m { [33mSceneViewContainer[0m } [36mfrom[0m [32m"@/components/gis/SceneViewContainer"[0m;
  [90m7 |[0m [36mimport[0m { [33mMetricsBar[0m } [36mfrom[0m [32m"@/components/layout/MetricsBar"[0m;

Import map: aliased to relative './src/components/dashboard/ExecutivePrintView' inside of [project]/


Import trace:
  Server Component:
    ./src/components/layout/AppShell.tsx
    ./src/app/page.tsx

https://nextjs.org/docs/messages/module-not-found


⨯ ./src/components/layout/AppShell.tsx:4:1
Module not found: Can't resolve '@/components/dashboard/ExecutivePrintView'
  [90m2 |[0m
  [90m3 |[0m [36mimport[0m { [33mDashboardUrlSync[0m } [36mfrom[0m [32m"@/components/dashboard/DashboardUrlSync"[0m;
[31m[1m>[0m [90m4 |[0m [36mimport[0m { [33mExecutivePrintView[0m } [36mfrom[0m [32m"@/components/dashboard/ExecutivePrintView"[0m;
  [90m  |[0m [31m[1m^^^^^^^^^^^^^^^^^^^^^^^^^^^^^^^^^^^^^^^^^^^^^^^^^^^^^^^^^^^^^^^^^^^^^^^^^^^^^^^[0m
  [90m5 |[0m [36mimport[0m { [33mIntelligencePanel[0m } [36mfrom[0m [32m"@/components/dashboard/IntelligencePanel"[0m;
  [90m6 |[0m [36mimport[0m { [33mSceneViewContainer[0m } [36mfrom[0m [32m"@/components/gis/SceneViewContainer"[0m;
  [90m7 |[0m [36mimport[0m { [33mMetricsBar[0m } [36mfrom[0m [32m"@/components/layout/MetricsBar"[0m;

Import map: aliased to relative './src/components/dashboard/ExecutivePrintView' inside of [project]/


Import trace:
  Server Component:
    ./src/components/layout/AppShell.tsx
    ./src/app/page.tsx

https://nextjs.org/docs/messages/module-not-found


⨯ ./src/components/layout/AppShell.tsx:4:1
Module not found: Can't resolve '@/components/dashboard/ExecutivePrintView'
  [90m2 |[0m
  [90m3 |[0m [36mimport[0m { [33mDashboardUrlSync[0m } [36mfrom[0m [32m"@/components/dashboard/DashboardUrlSync"[0m;
[31m[1m>[0m [90m4 |[0m [36mimport[0m { [33mExecutivePrintView[0m } [36mfrom[0m [32m"@/components/dashboard/ExecutivePrintView"[0m;
  [90m  |[0m [31m[1m^^^^^^^^^^^^^^^^^^^^^^^^^^^^^^^^^^^^^^^^^^^^^^^^^^^^^^^^^^^^^^^^^^^^^^^^^^^^^^^[0m
  [90m5 |[0m [36mimport[0m { [33mIntelligencePanel[0m } [36mfrom[0m [32m"@/components/dashboard/IntelligencePanel"[0m;
  [90m6 |[0m [36mimport[0m { [33mSceneViewContainer[0m } [36mfrom[0m [32m"@/components/gis/SceneViewContainer"[0m;
  [90m7 |[0m [36mimport[0m { [33mMetricsBar[0m } [36mfrom[0m [32m"@/components/layout/MetricsBar"[0m;

Import map: aliased to relative './src/components/dashboard/ExecutivePrintView' inside of [project]/


Import trace:
  Server Component:
    ./src/components/layout/AppShell.tsx
    ./src/app/page.tsx

https://nextjs.org/docs/messages/module-not-found


⨯ ./src/components/layout/AppShell.tsx:4:1
Module not found: Can't resolve '@/components/dashboard/ExecutivePrintView'
  [90m2 |[0m
  [90m3 |[0m [36mimport[0m { [33mDashboardUrlSync[0m } [36mfrom[0m [32m"@/components/dashboard/DashboardUrlSync"[0m;
[31m[1m>[0m [90m4 |[0m [36mimport[0m { [33mExecutivePrintView[0m } [36mfrom[0m [32m"@/components/dashboard/ExecutivePrintView"[0m;
  [90m  |[0m [31m[1m^^^^^^^^^^^^^^^^^^^^^^^^^^^^^^^^^^^^^^^^^^^^^^^^^^^^^^^^^^^^^^^^^^^^^^^^^^^^^^^[0m
  [90m5 |[0m [36mimport[0m { [33mIntelligencePanel[0m } [36mfrom[0m [32m"@/components/dashboard/IntelligencePanel"[0m;
  [90m6 |[0m [36mimport[0m { [33mSceneViewContainer[0m } [36mfrom[0m [32m"@/components/gis/SceneViewContainer"[0m;
  [90m7 |[0m [36mimport[0m { [33mMetricsBar[0m } [36mfrom[0m [32m"@/components/layout/MetricsBar"[0m;

Import map: aliased to relative './src/components/dashboard/ExecutivePrintView' inside of [project]/


Import trace:
  Server Component:
    ./src/components/layout/AppShell.tsx
    ./src/app/page.tsx

https://nextjs.org/docs/messages/module-not-found


⨯ ./src/components/layout/AppShell.tsx:4:1
Module not found: Can't resolve '@/components/dashboard/ExecutivePrintView'
  [90m2 |[0m
  [90m3 |[0m [36mimport[0m { [33mDashboardUrlSync[0m } [36mfrom[0m [32m"@/components/dashboard/DashboardUrlSync"[0m;
[31m[1m>[0m [90m4 |[0m [36mimport[0m { [33mExecutivePrintView[0m } [36mfrom[0m [32m"@/components/dashboard/ExecutivePrintView"[0m;
  [90m  |[0m [31m[1m^^^^^^^^^^^^^^^^^^^^^^^^^^^^^^^^^^^^^^^^^^^^^^^^^^^^^^^^^^^^^^^^^^^^^^^^^^^^^^^[0m
  [90m5 |[0m [36mimport[0m { [33mIntelligencePanel[0m } [36mfrom[0m [32m"@/components/dashboard/IntelligencePanel"[0m;
  [90m6 |[0m [36mimport[0m { [33mSceneViewContainer[0m } [36mfrom[0m [32m"@/components/gis/SceneViewContainer"[0m;
  [90m7 |[0m [36mimport[0m { [33mMetricsBar[0m } [36mfrom[0m [32m"@/components/layout/MetricsBar"[0m;

Import map: aliased to relative './src/components/dashboard/ExecutivePrintView' inside of [project]/


Import trace:
  Server Component:
    ./src/components/layout/AppShell.tsx
    ./src/app/page.tsx

https://nextjs.org/docs/messages/module-not-found


⨯ ./src/components/layout/AppShell.tsx:4:1
Module not found: Can't resolve '@/components/dashboard/ExecutivePrintView'
  [90m2 |[0m
  [90m3 |[0m [36mimport[0m { [33mDashboardUrlSync[0m } [36mfrom[0m [32m"@/components/dashboard/DashboardUrlSync"[0m;
[31m[1m>[0m [90m4 |[0m [36mimport[0m { [33mExecutivePrintView[0m } [36mfrom[0m [32m"@/components/dashboard/ExecutivePrintView"[0m;
  [90m  |[0m [31m[1m^^^^^^^^^^^^^^^^^^^^^^^^^^^^^^^^^^^^^^^^^^^^^^^^^^^^^^^^^^^^^^^^^^^^^^^^^^^^^^^[0m
  [90m5 |[0m [36mimport[0m { [33mIntelligencePanel[0m } [36mfrom[0m [32m"@/components/dashboard/IntelligencePanel"[0m;
  [90m6 |[0m [36mimport[0m { [33mSceneViewContainer[0m } [36mfrom[0m [32m"@/components/gis/SceneViewContainer"[0m;
  [90m7 |[0m [36mimport[0m { [33mMetricsBar[0m } [36mfrom[0m [32m"@/components/layout/MetricsBar"[0m;

Import map: aliased to relative './src/components/dashboard/ExecutivePrintView' inside of [project]/


Import trace:
  Server Component:
    ./src/components/layout/AppShell.tsx
    ./src/app/page.tsx

https://nextjs.org/docs/messages/module-not-found


⨯ ./src/components/layout/AppShell.tsx:4:1
Module not found: Can't resolve '@/components/dashboard/ExecutivePrintView'
  [90m2 |[0m
  [90m3 |[0m [36mimport[0m { [33mDashboardUrlSync[0m } [36mfrom[0m [32m"@/components/dashboard/DashboardUrlSync"[0m;
[31m[1m>[0m [90m4 |[0m [36mimport[0m { [33mExecutivePrintView[0m } [36mfrom[0m [32m"@/components/dashboard/ExecutivePrintView"[0m;
  [90m  |[0m [31m[1m^^^^^^^^^^^^^^^^^^^^^^^^^^^^^^^^^^^^^^^^^^^^^^^^^^^^^^^^^^^^^^^^^^^^^^^^^^^^^^^[0m
  [90m5 |[0m [36mimport[0m { [33mIntelligencePanel[0m } [36mfrom[0m [32m"@/components/dashboard/IntelligencePanel"[0m;
  [90m6 |[0m [36mimport[0m { [33mSceneViewContainer[0m } [36mfrom[0m [32m"@/components/gis/SceneViewContainer"[0m;
  [90m7 |[0m [36mimport[0m { [33mMetricsBar[0m } [36mfrom[0m [32m"@/components/layout/MetricsBar"[0m;

Import map: aliased to relative './src/components/dashboard/ExecutivePrintView' inside of [project]/


Import trace:
  Server Component:
    ./src/components/layout/AppShell.tsx
    ./src/app/page.tsx

https://nextjs.org/docs/messages/module-not-found
